gpgv: Signature made Mon Jun 13 04:21:38 2016 CEST using RSA key ID 541922FB
gpgv: Good signature from "Devuan Repository (Primary Devuan signing key) <repository@devuan.org>"
dpkg: warning: parsing file '/var/lib/dpkg/status' near line 5 package 'dpkg':
 missing description
dpkg: warning: parsing file '/var/lib/dpkg/status' near line 5 package 'dpkg':
 missing architecture
Selecting previously unselected package base-passwd.
(Reading database ... 306 files and directories currently installed.)
Preparing to unpack .../base-passwd_3.5.39_amd64.deb ...
Unpacking base-passwd (3.5.39) ...
dpkg: base-passwd: dependency problems, but configuring anyway as you requested:
 base-passwd depends on libc6 (>= 2.8); however:
  Package libc6 is not installed.
 base-passwd depends on libdebconfclient0 (>= 0.145); however:
  Package libdebconfclient0 is not installed.

Setting up base-passwd (3.5.39) ...
dpkg: warning: parsing file '/var/lib/dpkg/status' near line 24 package 'dpkg':
 missing description
dpkg: warning: parsing file '/var/lib/dpkg/status' near line 24 package 'dpkg':
 missing architecture
Selecting previously unselected package base-files.
dpkg: regarding .../base-files_9.2+devuan7_amd64.deb containing base-files, pre-dependency problem:
 base-files pre-depends on awk
  awk is not installed.

dpkg: warning: ignoring pre-dependency problem!
(Reading database ... 328 files and directories currently installed.)
Preparing to unpack .../base-files_9.2+devuan7_amd64.deb ...
Unpacking base-files (9.2+devuan7) ...
dpkg: base-files: dependency problems, but configuring anyway as you requested:
 base-files depends on awk; however:
  Package awk is not installed.

Setting up base-files (9.2+devuan7) ...
dpkg: warning: parsing file '/var/lib/dpkg/status' near line 50 package 'dpkg':
 missing description
dpkg: warning: parsing file '/var/lib/dpkg/status' near line 50 package 'dpkg':
 missing architecture
dpkg: regarding .../archives/dpkg_1.18.7_amd64.deb containing dpkg, pre-dependency problem:
 dpkg pre-depends on libbz2-1.0
  libbz2-1.0 is not installed.

dpkg: warning: ignoring pre-dependency problem!
dpkg: regarding .../archives/dpkg_1.18.7_amd64.deb containing dpkg, pre-dependency problem:
 dpkg pre-depends on libc6 (>= 2.14)
  libc6 is not installed.

dpkg: warning: ignoring pre-dependency problem!
dpkg: regarding .../archives/dpkg_1.18.7_amd64.deb containing dpkg, pre-dependency problem:
 dpkg pre-depends on liblzma5 (>= 5.1.1alpha+20120614)
  liblzma5 is not installed.

dpkg: warning: ignoring pre-dependency problem!
dpkg: regarding .../archives/dpkg_1.18.7_amd64.deb containing dpkg, pre-dependency problem:
 dpkg pre-depends on libselinux1 (>= 2.3)
  libselinux1 is not installed.

dpkg: warning: ignoring pre-dependency problem!
dpkg: regarding .../archives/dpkg_1.18.7_amd64.deb containing dpkg, pre-dependency problem:
 dpkg pre-depends on zlib1g (>= 1:1.1.4)
  zlib1g is not installed.

dpkg: warning: ignoring pre-dependency problem!
dpkg: regarding .../archives/dpkg_1.18.7_amd64.deb containing dpkg, pre-dependency problem:
 dpkg pre-depends on tar (>= 1.23)
  tar is not installed.

dpkg: warning: ignoring pre-dependency problem!
(Reading database ... 398 files and directories currently installed.)
Preparing to unpack .../archives/dpkg_1.18.7_amd64.deb ...
Unpacking dpkg (1.18.7) over (1.18.7) ...
dpkg: dpkg: dependency problems, but configuring anyway as you requested:
 dpkg depends on libbz2-1.0; however:
  Package libbz2-1.0 is not installed.
 dpkg depends on libc6 (>= 2.14); however:
  Package libc6 is not installed.
 dpkg depends on liblzma5 (>= 5.1.1alpha+20120614); however:
  Package liblzma5 is not installed.
 dpkg depends on libselinux1 (>= 2.3); however:
  Package libselinux1 is not installed.
 dpkg depends on zlib1g (>= 1:1.1.4); however:
  Package zlib1g is not installed.
 dpkg depends on tar (>= 1.23); however:
  Package tar is not installed.

Setting up dpkg (1.18.7) ...
Selecting previously unselected package libc6:amd64.
(Reading database ... 398 files and directories currently installed.)
Preparing to unpack .../libc6_2.22-11_amd64.deb ...
Unpacking libc6:amd64 (2.22-11) ...
dpkg: libc6:amd64: dependency problems, but configuring anyway as you requested:
 libc6:amd64 depends on libgcc1; however:
  Package libgcc1 is not installed.

Setting up libc6:amd64 (2.22-11) ...
Selecting previously unselected package perl-base.
(Reading database ... 716 files and directories currently installed.)
Preparing to unpack .../perl-base_5.22.2-1_amd64.deb ...
Unpacking perl-base (5.22.2-1) ...
Setting up perl-base (5.22.2-1) ...
Selecting previously unselected package mawk.
(Reading database ... 1299 files and directories currently installed.)
Preparing to unpack .../mawk_1.3.3-17_amd64.deb ...
Unpacking mawk (1.3.3-17) ...
Setting up mawk (1.3.3-17) ...
Selecting previously unselected package debconf.
(Reading database ... 1318 files and directories currently installed.)
Preparing to unpack .../debconf_1.5.59_all.deb ...
Unpacking debconf (1.5.59) ...
Setting up debconf (1.5.59) ...
(Reading database ... 1498 files and directories currently installed.)
Preparing to unpack .../base-files_9.2+devuan7_amd64.deb ...
Unpacking base-files (9.2+devuan7) over (9.2+devuan7) ...
Selecting previously unselected package init.
dpkg: regarding .../init_1.29+devuan1.0_amd64.deb containing init, pre-dependency problem:
 init pre-depends on sysvinit-core | upstart
  sysvinit-core is not installed.
  upstart is not installed.

dpkg: warning: ignoring pre-dependency problem!
Preparing to unpack .../init_1.29+devuan1.0_amd64.deb ...
Unpacking init (1.29+devuan1.0) ...
Selecting previously unselected package init-system-helpers.
Preparing to unpack .../init-system-helpers_1.29+devuan1.0_all.deb ...
Unpacking init-system-helpers (1.29+devuan1.0) ...
Selecting previously unselected package lsb-base.
Preparing to unpack .../lsb-base_4.1+devuan2_all.deb ...
Unpacking lsb-base (4.1+devuan2) ...
Selecting previously unselected package initscripts.
Preparing to unpack .../initscripts_2.88dsf-59.3+devuan2_amd64.deb ...
Unpacking initscripts (2.88dsf-59.3+devuan2) ...
Selecting previously unselected package sysvinit-core.
Preparing to unpack .../sysvinit-core_2.88dsf-59.3+devuan2_amd64.deb ...
Unpacking sysvinit-core (2.88dsf-59.3+devuan2) ...
Selecting previously unselected package sysvinit-utils.
Preparing to unpack .../sysvinit-utils_2.88dsf-59.3+devuan2_amd64.deb ...
Unpacking sysvinit-utils (2.88dsf-59.3+devuan2) ...
Selecting previously unselected package sysv-rc.
dpkg: regarding .../sysv-rc_2.88dsf-59.3+devuan2_all.deb containing sysv-rc, pre-dependency problem:
 sysv-rc pre-depends on init-system-helpers (>= 1.25~)
  init-system-helpers is unpacked, but has never been configured.

dpkg: warning: ignoring pre-dependency problem!
Preparing to unpack .../sysv-rc_2.88dsf-59.3+devuan2_all.deb ...
Unpacking sysv-rc (2.88dsf-59.3+devuan2) ...
Selecting previously unselected package bsdutils.
Preparing to unpack .../bsdutils_1%3a2.28-1+devuan3_amd64.deb ...
Unpacking bsdutils (1:2.28-1+devuan3) ...
Selecting previously unselected package libblkid1:amd64.
Preparing to unpack .../libblkid1_2.28-1+devuan3_amd64.deb ...
Unpacking libblkid1:amd64 (2.28-1+devuan3) ...
Selecting previously unselected package libfdisk1:amd64.
Preparing to unpack .../libfdisk1_2.28-1+devuan3_amd64.deb ...
Unpacking libfdisk1:amd64 (2.28-1+devuan3) ...
Selecting previously unselected package libmount1:amd64.
Preparing to unpack .../libmount1_2.28-1+devuan3_amd64.deb ...
Unpacking libmount1:amd64 (2.28-1+devuan3) ...
Selecting previously unselected package libsmartcols1:amd64.
Preparing to unpack .../libsmartcols1_2.28-1+devuan3_amd64.deb ...
Unpacking libsmartcols1:amd64 (2.28-1+devuan3) ...
Selecting previously unselected package libuuid1:amd64.
Preparing to unpack .../libuuid1_2.28-1+devuan3_amd64.deb ...
Unpacking libuuid1:amd64 (2.28-1+devuan3) ...
Selecting previously unselected package mount.
dpkg: regarding .../mount_2.28-1+devuan3_amd64.deb containing mount, pre-dependency problem:
 mount pre-depends on libblkid1 (>= 2.17.2)
  libblkid1:amd64 is unpacked, but has never been configured.

dpkg: warning: ignoring pre-dependency problem!
dpkg: regarding .../mount_2.28-1+devuan3_amd64.deb containing mount, pre-dependency problem:
 mount pre-depends on libmount1 (>= 2.25)
  libmount1:amd64 is unpacked, but has never been configured.

dpkg: warning: ignoring pre-dependency problem!
dpkg: regarding .../mount_2.28-1+devuan3_amd64.deb containing mount, pre-dependency problem:
 mount pre-depends on libselinux1 (>= 2.0.15)
  libselinux1 is not installed.

dpkg: warning: ignoring pre-dependency problem!
dpkg: regarding .../mount_2.28-1+devuan3_amd64.deb containing mount, pre-dependency problem:
 mount pre-depends on libsmartcols1 (>= 2.28~rc1)
  libsmartcols1:amd64 is unpacked, but has never been configured.

dpkg: warning: ignoring pre-dependency problem!
dpkg: regarding .../mount_2.28-1+devuan3_amd64.deb containing mount, pre-dependency problem:
 mount pre-depends on libudev1 (>= 183)
  libudev1 is not installed.

dpkg: warning: ignoring pre-dependency problem!
Preparing to unpack .../mount_2.28-1+devuan3_amd64.deb ...
Unpacking mount (2.28-1+devuan3) ...
Selecting previously unselected package util-linux.
dpkg: regarding .../util-linux_2.28-1+devuan3_amd64.deb containing util-linux, pre-dependency problem:
 util-linux pre-depends on libblkid1 (>= 2.25)
  libblkid1:amd64 is unpacked, but has never been configured.

dpkg: warning: ignoring pre-dependency problem!
dpkg: regarding .../util-linux_2.28-1+devuan3_amd64.deb containing util-linux, pre-dependency problem:
 util-linux pre-depends on libfdisk1 (>= 2.28~rc1)
  libfdisk1:amd64 is unpacked, but has never been configured.

dpkg: warning: ignoring pre-dependency problem!
dpkg: regarding .../util-linux_2.28-1+devuan3_amd64.deb containing util-linux, pre-dependency problem:
 util-linux pre-depends on libmount1 (>= 2.25)
  libmount1:amd64 is unpacked, but has never been configured.

dpkg: warning: ignoring pre-dependency problem!
dpkg: regarding .../util-linux_2.28-1+devuan3_amd64.deb containing util-linux, pre-dependency problem:
 util-linux pre-depends on libncursesw5 (>= 6)
  libncursesw5 is not installed.

dpkg: warning: ignoring pre-dependency problem!
dpkg: regarding .../util-linux_2.28-1+devuan3_amd64.deb containing util-linux, pre-dependency problem:
 util-linux pre-depends on libpam0g (>= 0.99.7.1)
  libpam0g is not installed.

dpkg: warning: ignoring pre-dependency problem!
dpkg: regarding .../util-linux_2.28-1+devuan3_amd64.deb containing util-linux, pre-dependency problem:
 util-linux pre-depends on libselinux1 (>= 1.32)
  libselinux1 is not installed.

dpkg: warning: ignoring pre-dependency problem!
dpkg: regarding .../util-linux_2.28-1+devuan3_amd64.deb containing util-linux, pre-dependency problem:
 util-linux pre-depends on libsmartcols1 (>= 2.28~rc1)
  libsmartcols1:amd64 is unpacked, but has never been configured.

dpkg: warning: ignoring pre-dependency problem!
dpkg: regarding .../util-linux_2.28-1+devuan3_amd64.deb containing util-linux, pre-dependency problem:
 util-linux pre-depends on libtinfo5 (>= 6)
  libtinfo5 is not installed.

dpkg: warning: ignoring pre-dependency problem!
dpkg: regarding .../util-linux_2.28-1+devuan3_amd64.deb containing util-linux, pre-dependency problem:
 util-linux pre-depends on libudev1 (>= 183)
  libudev1 is not installed.

dpkg: warning: ignoring pre-dependency problem!
dpkg: regarding .../util-linux_2.28-1+devuan3_amd64.deb containing util-linux, pre-dependency problem:
 util-linux pre-depends on libuuid1 (>= 2.16)
  libuuid1:amd64 is unpacked, but has never been configured.

dpkg: warning: ignoring pre-dependency problem!
dpkg: regarding .../util-linux_2.28-1+devuan3_amd64.deb containing util-linux, pre-dependency problem:
 util-linux pre-depends on zlib1g (>= 1:1.1.4)
  zlib1g is not installed.

dpkg: warning: ignoring pre-dependency problem!
Preparing to unpack .../util-linux_2.28-1+devuan3_amd64.deb ...
Unpacking util-linux (2.28-1+devuan3) ...
Selecting previously unselected package libacl1:amd64.
Preparing to unpack .../libacl1_2.2.52-3_amd64.deb ...
Unpacking libacl1:amd64 (2.2.52-3) ...
Selecting previously unselected package libattr1:amd64.
dpkg: regarding .../libattr1_1%3a2.4.47-2_amd64.deb containing libattr1:amd64, pre-dependency problem:
 libattr1 pre-depends on multiarch-support
  multiarch-support is not installed.

dpkg: warning: ignoring pre-dependency problem!
Preparing to unpack .../libattr1_1%3a2.4.47-2_amd64.deb ...
Unpacking libattr1:amd64 (1:2.4.47-2) ...
Selecting previously unselected package libaudit-common.
Preparing to unpack .../libaudit-common_1%3a2.5.2-1_all.deb ...
Unpacking libaudit-common (1:2.5.2-1) ...
Selecting previously unselected package libaudit1:amd64.
Preparing to unpack .../libaudit1_1%3a2.5.2-1_amd64.deb ...
Unpacking libaudit1:amd64 (1:2.5.2-1) ...
Preparing to unpack .../base-passwd_3.5.39_amd64.deb ...
Unpacking base-passwd (3.5.39) over (3.5.39) ...
Selecting previously unselected package bash.
dpkg: regarding .../bash_4.3-14+b1_amd64.deb containing bash, pre-dependency problem:
 bash pre-depends on dash (>= 0.5.5.1-2.2)
  dash is not installed.

dpkg: warning: ignoring pre-dependency problem!
dpkg: regarding .../bash_4.3-14+b1_amd64.deb containing bash, pre-dependency problem:
 bash pre-depends on libncurses5 (>= 6)
  libncurses5 is not installed.

dpkg: warning: ignoring pre-dependency problem!
dpkg: regarding .../bash_4.3-14+b1_amd64.deb containing bash, pre-dependency problem:
 bash pre-depends on libtinfo5 (>= 6)
  libtinfo5 is not installed.

dpkg: warning: ignoring pre-dependency problem!
Preparing to unpack .../bash_4.3-14+b1_amd64.deb ...
Unpacking bash (4.3-14+b1) ...
Selecting previously unselected package libbz2-1.0:amd64.
Preparing to unpack .../libbz2-1.0_1.0.6-8_amd64.deb ...
Unpacking libbz2-1.0:amd64 (1.0.6-8) ...
Selecting previously unselected package libdebconfclient0:amd64.
Preparing to unpack .../libdebconfclient0_0.213_amd64.deb ...
Unpacking libdebconfclient0:amd64 (0.213) ...
Selecting previously unselected package coreutils.
dpkg: regarding .../coreutils_8.25-2_amd64.deb containing coreutils, pre-dependency problem:
 coreutils pre-depends on libacl1 (>= 2.2.51-8)
  libacl1:amd64 is unpacked, but has never been configured.

dpkg: warning: ignoring pre-dependency problem!
dpkg: regarding .../coreutils_8.25-2_amd64.deb containing coreutils, pre-dependency problem:
 coreutils pre-depends on libattr1 (>= 1:2.4.46-8)
  libattr1:amd64 is unpacked, but has never been configured.

dpkg: warning: ignoring pre-dependency problem!
dpkg: regarding .../coreutils_8.25-2_amd64.deb containing coreutils, pre-dependency problem:
 coreutils pre-depends on libselinux1 (>= 2.1.13)
  libselinux1 is not installed.

dpkg: warning: ignoring pre-dependency problem!
dpkg: regarding .../coreutils_8.25-2_amd64.deb containing coreutils, pre-dependency problem:
 coreutils pre-depends on multiarch-support
  multiarch-support is not installed.

dpkg: warning: ignoring pre-dependency problem!
Preparing to unpack .../coreutils_8.25-2_amd64.deb ...
Unpacking coreutils (8.25-2) ...
Selecting previously unselected package dash.
Preparing to unpack .../dash_0.5.8-2.2_amd64.deb ...
Unpacking dash (0.5.8-2.2) ...
Selecting previously unselected package libdb5.3:amd64.
Preparing to unpack .../libdb5.3_5.3.28-11_amd64.deb ...
Unpacking libdb5.3:amd64 (5.3.28-11) ...
Preparing to unpack .../debconf_1.5.59_all.deb ...
Unpacking debconf (1.5.59) over (1.5.59) ...
Selecting previously unselected package debianutils.
Preparing to unpack .../debianutils_4.7_amd64.deb ...
Unpacking debianutils (4.7) ...
Selecting previously unselected package diffutils.
Preparing to unpack .../diffutils_1%3a3.3-3_amd64.deb ...
Unpacking diffutils (1:3.3-3) ...
dpkg: regarding .../archives/dpkg_1.18.7_amd64.deb containing dpkg, pre-dependency problem:
 dpkg pre-depends on libbz2-1.0
  libbz2-1.0:amd64 is unpacked, but has never been configured.

dpkg: warning: ignoring pre-dependency problem!
dpkg: regarding .../archives/dpkg_1.18.7_amd64.deb containing dpkg, pre-dependency problem:
 dpkg pre-depends on liblzma5 (>= 5.1.1alpha+20120614)
  liblzma5 is not installed.

dpkg: warning: ignoring pre-dependency problem!
dpkg: regarding .../archives/dpkg_1.18.7_amd64.deb containing dpkg, pre-dependency problem:
 dpkg pre-depends on libselinux1 (>= 2.3)
  libselinux1 is not installed.

dpkg: warning: ignoring pre-dependency problem!
dpkg: regarding .../archives/dpkg_1.18.7_amd64.deb containing dpkg, pre-dependency problem:
 dpkg pre-depends on zlib1g (>= 1:1.1.4)
  zlib1g is not installed.

dpkg: warning: ignoring pre-dependency problem!
dpkg: regarding .../archives/dpkg_1.18.7_amd64.deb containing dpkg, pre-dependency problem:
 dpkg pre-depends on tar (>= 1.23)
  tar is not installed.

dpkg: warning: ignoring pre-dependency problem!
Preparing to unpack .../archives/dpkg_1.18.7_amd64.deb ...
Unpacking dpkg (1.18.7) over (1.18.7) ...
Selecting previously unselected package e2fslibs:amd64.
Preparing to unpack .../e2fslibs_1.43-3_amd64.deb ...
Unpacking e2fslibs:amd64 (1.43-3) ...
Selecting previously unselected package e2fsprogs.
dpkg: regarding .../e2fsprogs_1.43-3_amd64.deb containing e2fsprogs, pre-dependency problem:
 e2fsprogs pre-depends on e2fslibs (= 1.43-3)
  e2fslibs:amd64 is unpacked, but has never been configured.

dpkg: warning: ignoring pre-dependency problem!
dpkg: regarding .../e2fsprogs_1.43-3_amd64.deb containing e2fsprogs, pre-dependency problem:
 e2fsprogs pre-depends on libblkid1 (>= 2.17.2)
  libblkid1:amd64 is unpacked, but has never been configured.

dpkg: warning: ignoring pre-dependency problem!
dpkg: regarding .../e2fsprogs_1.43-3_amd64.deb containing e2fsprogs, pre-dependency problem:
 e2fsprogs pre-depends on libcomerr2 (>= 1.42~WIP-2011-10-05-1)
  libcomerr2 is not installed.

dpkg: warning: ignoring pre-dependency problem!
dpkg: regarding .../e2fsprogs_1.43-3_amd64.deb containing e2fsprogs, pre-dependency problem:
 e2fsprogs pre-depends on libss2 (>= 1.34-1)
  libss2 is not installed.

dpkg: warning: ignoring pre-dependency problem!
dpkg: regarding .../e2fsprogs_1.43-3_amd64.deb containing e2fsprogs, pre-dependency problem:
 e2fsprogs pre-depends on libuuid1 (>= 2.16)
  libuuid1:amd64 is unpacked, but has never been configured.

dpkg: warning: ignoring pre-dependency problem!
dpkg: regarding .../e2fsprogs_1.43-3_amd64.deb containing e2fsprogs, pre-dependency problem:
 e2fsprogs pre-depends on util-linux (>= 2.15~rc1-1)
  util-linux is unpacked, but has never been configured.

dpkg: warning: ignoring pre-dependency problem!
Preparing to unpack .../e2fsprogs_1.43-3_amd64.deb ...
Unpacking e2fsprogs (1.43-3) ...
Selecting previously unselected package libcomerr2:amd64.
Preparing to unpack .../libcomerr2_1.43-3_amd64.deb ...
Unpacking libcomerr2:amd64 (1.43-3) ...
Selecting previously unselected package libss2:amd64.
Preparing to unpack .../libss2_1.43-3_amd64.deb ...
Unpacking libss2:amd64 (1.43-3) ...
Selecting previously unselected package findutils.
dpkg: regarding .../findutils_4.6.0+git+20160126-2_amd64.deb containing findutils, pre-dependency problem:
 findutils pre-depends on libselinux1 (>= 1.32)
  libselinux1 is not installed.

dpkg: warning: ignoring pre-dependency problem!
Preparing to unpack .../findutils_4.6.0+git+20160126-2_amd64.deb ...
Unpacking findutils (4.6.0+git+20160126-2) ...
Selecting previously unselected package gcc-4.9-base:amd64.
Preparing to unpack .../gcc-4.9-base_4.9.3-14_amd64.deb ...
Unpacking gcc-4.9-base:amd64 (4.9.3-14) ...
Selecting previously unselected package gcc-5-base:amd64.
Preparing to unpack .../gcc-5-base_5.3.1-21_amd64.deb ...
Unpacking gcc-5-base:amd64 (5.3.1-21) ...
Selecting previously unselected package gcc-6-base:amd64.
Preparing to unpack .../gcc-6-base_6.1.1-4_amd64.deb ...
Unpacking gcc-6-base:amd64 (6.1.1-4) ...
Selecting previously unselected package libgcc1:amd64.
Preparing to unpack .../libgcc1_1%3a6.1.1-4_amd64.deb ...
Unpacking libgcc1:amd64 (1:6.1.1-4) ...
Selecting previously unselected package libc-bin.
Preparing to unpack .../libc-bin_2.22-11_amd64.deb ...
Unpacking libc-bin (2.22-11) ...
Preparing to unpack .../libc6_2.22-11_amd64.deb ...
Unpacking libc6:amd64 (2.22-11) over (2.22-11) ...
Selecting previously unselected package multiarch-support.
Preparing to unpack .../multiarch-support_2.22-11_amd64.deb ...
Unpacking multiarch-support (2.22-11) ...
Selecting previously unselected package grep.
dpkg: regarding .../archives/grep_2.25-3_amd64.deb containing grep, pre-dependency problem:
 grep pre-depends on libpcre3
  libpcre3 is not installed.

dpkg: warning: ignoring pre-dependency problem!
Preparing to unpack .../archives/grep_2.25-3_amd64.deb ...
Unpacking grep (2.25-3) ...
Selecting previously unselected package gzip.
Preparing to unpack .../archives/gzip_1.6-5_amd64.deb ...
Unpacking gzip (1.6-5) ...
Selecting previously unselected package hostname.
Preparing to unpack .../hostname_3.17_amd64.deb ...
Unpacking hostname (3.17) ...
Selecting previously unselected package insserv.
Preparing to unpack .../insserv_1.14.0-5.3_amd64.deb ...
Unpacking insserv (1.14.0-5.3) ...
Selecting previously unselected package libselinux1:amd64.
Preparing to unpack .../libselinux1_2.5-3_amd64.deb ...
Unpacking libselinux1:amd64 (2.5-3) ...
Selecting previously unselected package libsemanage-common.
Preparing to unpack .../libsemanage-common_2.5-1_all.deb ...
Unpacking libsemanage-common (2.5-1) ...
Selecting previously unselected package libsemanage1:amd64.
Preparing to unpack .../libsemanage1_2.5-1_amd64.deb ...
Unpacking libsemanage1:amd64 (2.5-1) ...
Selecting previously unselected package libsepol1:amd64.
Preparing to unpack .../libsepol1_2.5-1_amd64.deb ...
Unpacking libsepol1:amd64 (2.5-1) ...
Preparing to unpack .../mawk_1.3.3-17_amd64.deb ...
Unpacking mawk (1.3.3-17) over (1.3.3-17) ...
Selecting previously unselected package libncurses5:amd64.
Preparing to unpack .../libncurses5_6.0+20160319-1_amd64.deb ...
Unpacking libncurses5:amd64 (6.0+20160319-1) ...
Selecting previously unselected package libncursesw5:amd64.
Preparing to unpack .../libncursesw5_6.0+20160319-1_amd64.deb ...
Unpacking libncursesw5:amd64 (6.0+20160319-1) ...
Selecting previously unselected package libtinfo5:amd64.
Preparing to unpack .../libtinfo5_6.0+20160319-1_amd64.deb ...
Unpacking libtinfo5:amd64 (6.0+20160319-1) ...
Selecting previously unselected package ncurses-base.
Preparing to unpack .../ncurses-base_6.0+20160319-1_all.deb ...
Unpacking ncurses-base (6.0+20160319-1) ...
Selecting previously unselected package ncurses-bin.
dpkg: regarding .../ncurses-bin_6.0+20160319-1_amd64.deb containing ncurses-bin, pre-dependency problem:
 ncurses-bin pre-depends on libtinfo5 (>= 6.0+20151017)
  libtinfo5:amd64 is unpacked, but has never been configured.

dpkg: warning: ignoring pre-dependency problem!
dpkg: regarding .../ncurses-bin_6.0+20160319-1_amd64.deb containing ncurses-bin, pre-dependency problem:
 ncurses-bin pre-depends on libtinfo5 (<< 6.1~)
  libtinfo5:amd64 is unpacked, but has never been configured.

dpkg: warning: ignoring pre-dependency problem!
Preparing to unpack .../ncurses-bin_6.0+20160319-1_amd64.deb ...
Unpacking ncurses-bin (6.0+20160319-1) ...
Selecting previously unselected package libpam-modules:amd64.
dpkg: regarding .../libpam-modules_1.1.8-3.3_amd64.deb containing libpam-modules:amd64, pre-dependency problem:
 libpam-modules pre-depends on libaudit1 (>= 1:2.2.1)
  libaudit1:amd64 is unpacked, but has never been configured.

dpkg: warning: ignoring pre-dependency problem!
dpkg: regarding .../libpam-modules_1.1.8-3.3_amd64.deb containing libpam-modules:amd64, pre-dependency problem:
 libpam-modules pre-depends on libdb5.3
  libdb5.3:amd64 is unpacked, but has never been configured.

dpkg: warning: ignoring pre-dependency problem!
dpkg: regarding .../libpam-modules_1.1.8-3.3_amd64.deb containing libpam-modules:amd64, pre-dependency problem:
 libpam-modules pre-depends on libpam0g (>= 1.1.3-2)
  libpam0g is not installed.

dpkg: warning: ignoring pre-dependency problem!
dpkg: regarding .../libpam-modules_1.1.8-3.3_amd64.deb containing libpam-modules:amd64, pre-dependency problem:
 libpam-modules pre-depends on libselinux1 (>= 2.1.9)
  libselinux1:amd64 is unpacked, but has never been configured.

dpkg: warning: ignoring pre-dependency problem!
dpkg: regarding .../libpam-modules_1.1.8-3.3_amd64.deb containing libpam-modules:amd64, pre-dependency problem:
 libpam-modules pre-depends on libpam-modules-bin (= 1.1.8-3.3)
  libpam-modules-bin is not installed.

dpkg: warning: ignoring pre-dependency problem!
Preparing to unpack .../libpam-modules_1.1.8-3.3_amd64.deb ...
Unpacking libpam-modules:amd64 (1.1.8-3.3) ...
Selecting previously unselected package libpam-modules-bin.
Preparing to unpack .../libpam-modules-bin_1.1.8-3.3_amd64.deb ...
Unpacking libpam-modules-bin (1.1.8-3.3) ...
Selecting previously unselected package libpam-runtime.
Preparing to unpack .../libpam-runtime_1.1.8-3.3_all.deb ...
Unpacking libpam-runtime (1.1.8-3.3) ...
Selecting previously unselected package libpam0g:amd64.
Preparing to unpack .../libpam0g_1.1.8-3.3_amd64.deb ...
Unpacking libpam0g:amd64 (1.1.8-3.3) ...
Selecting previously unselected package libpcre3:amd64.
dpkg: regarding .../libpcre3_2%3a8.38-3.1_amd64.deb containing libpcre3:amd64, pre-dependency problem:
 libpcre3 pre-depends on multiarch-support
  multiarch-support is unpacked, but has never been configured.

dpkg: warning: ignoring pre-dependency problem!
Preparing to unpack .../libpcre3_2%3a8.38-3.1_amd64.deb ...
Unpacking libpcre3:amd64 (2:8.38-3.1) ...
Preparing to unpack .../perl-base_5.22.2-1_amd64.deb ...
Unpacking perl-base (5.22.2-1) over (5.22.2-1) ...
Selecting previously unselected package sed.
dpkg: regarding .../sed_4.2.2-7.1_amd64.deb containing sed, pre-dependency problem:
 sed pre-depends on libselinux1 (>= 1.32)
  libselinux1:amd64 is unpacked, but has never been configured.

dpkg: warning: ignoring pre-dependency problem!
Preparing to unpack .../sed_4.2.2-7.1_amd64.deb ...
Unpacking sed (4.2.2-7.1) ...
Selecting previously unselected package sensible-utils.
Preparing to unpack .../sensible-utils_0.0.9_all.deb ...
Unpacking sensible-utils (0.0.9) ...
Selecting previously unselected package login.
dpkg: regarding .../login_1%3a4.2-3.1_amd64.deb containing login, pre-dependency problem:
 login pre-depends on libaudit1 (>= 1:2.2.1)
  libaudit1:amd64 is unpacked, but has never been configured.

dpkg: warning: ignoring pre-dependency problem!
dpkg: regarding .../login_1%3a4.2-3.1_amd64.deb containing login, pre-dependency problem:
 login pre-depends on libpam0g (>= 0.99.7.1)
  libpam0g:amd64 is unpacked, but has never been configured.

dpkg: warning: ignoring pre-dependency problem!
dpkg: regarding .../login_1%3a4.2-3.1_amd64.deb containing login, pre-dependency problem:
 login pre-depends on libpam-runtime
  libpam-runtime is unpacked, but has never been configured.

dpkg: warning: ignoring pre-dependency problem!
dpkg: regarding .../login_1%3a4.2-3.1_amd64.deb containing login, pre-dependency problem:
 login pre-depends on libpam-modules (>= 1.1.8-1)
  libpam-modules:amd64 is unpacked, but has never been configured.

dpkg: warning: ignoring pre-dependency problem!
Preparing to unpack .../login_1%3a4.2-3.1_amd64.deb ...
Unpacking login (1:4.2-3.1) ...
Selecting previously unselected package passwd.
Preparing to unpack .../passwd_1%3a4.2-3.1_amd64.deb ...
Unpacking passwd (1:4.2-3.1) ...
Selecting previously unselected package startpar.
Preparing to unpack .../startpar_0.59-3_amd64.deb ...
Unpacking startpar (0.59-3) ...
Selecting previously unselected package libudev1:amd64.
Preparing to unpack .../libudev1_230-2_amd64.deb ...
Unpacking libudev1:amd64 (230-2) ...
Selecting previously unselected package tar.
dpkg: regarding .../archives/tar_1.29-1_amd64.deb containing tar, pre-dependency problem:
 tar pre-depends on libacl1 (>= 2.2.51-8)
  libacl1:amd64 is unpacked, but has never been configured.

dpkg: warning: ignoring pre-dependency problem!
dpkg: regarding .../archives/tar_1.29-1_amd64.deb containing tar, pre-dependency problem:
 tar pre-depends on libselinux1 (>= 1.32)
  libselinux1:amd64 is unpacked, but has never been configured.

dpkg: warning: ignoring pre-dependency problem!
Preparing to unpack .../archives/tar_1.29-1_amd64.deb ...
Unpacking tar (1.29-1) ...
Selecting previously unselected package tzdata.
Preparing to unpack .../tzdata_2016d-2_all.deb ...
Unpacking tzdata (2016d-2) ...
Selecting previously unselected package libustr-1.0-1:amd64.
Preparing to unpack .../libustr-1.0-1_1.0.4-5_amd64.deb ...
Unpacking libustr-1.0-1:amd64 (1.0.4-5) ...
Selecting previously unselected package liblzma5:amd64.
Preparing to unpack .../liblzma5_5.1.1alpha+20120614-2.1_amd64.deb ...
Unpacking liblzma5:amd64 (5.1.1alpha+20120614-2.1) ...
Selecting previously unselected package zlib1g:amd64.
dpkg: regarding .../zlib1g_1%3a1.2.8.dfsg-2+b1_amd64.deb containing zlib1g:amd64, pre-dependency problem:
 zlib1g pre-depends on multiarch-support
  multiarch-support is unpacked, but has never been configured.

dpkg: warning: ignoring pre-dependency problem!
Preparing to unpack .../zlib1g_1%3a1.2.8.dfsg-2+b1_amd64.deb ...
Unpacking zlib1g:amd64 (1:1.2.8.dfsg-2+b1) ...
Setting up gcc-6-base:amd64 (6.1.1-4) ...
Setting up lsb-base (4.1+devuan2) ...
Setting up sensible-utils (0.0.9) ...
Setting up ncurses-base (6.0+20160319-1) ...
Setting up libsemanage-common (2.5-1) ...
Setting up gcc-4.9-base:amd64 (4.9.3-14) ...
Setting up libaudit-common (1:2.5.2-1) ...
Setting up gcc-5-base:amd64 (5.3.1-21) ...
Setting up libc6:amd64 (2.22-11) ...
Setting up startpar (0.59-3) ...
Setting up libbz2-1.0:amd64 (1.0.6-8) ...
Setting up libc-bin (2.22-11) ...
Setting up libdebconfclient0:amd64 (0.213) ...
Setting up diffutils (1:3.3-3) ...
Setting up insserv (1.14.0-5.3) ...
Setting up libcomerr2:amd64 (1.43-3) ...
Setting up libsepol1:amd64 (2.5-1) ...
Setting up libgcc1:amd64 (1:6.1.1-4) ...
Setting up libustr-1.0-1:amd64 (1.0.4-5) ...
Setting up libsmartcols1:amd64 (2.28-1+devuan3) ...
Setting up libaudit1:amd64 (1:2.5.2-1) ...
Setting up libtinfo5:amd64 (6.0+20160319-1) ...
Setting up libudev1:amd64 (230-2) ...
Setting up libss2:amd64 (1.43-3) ...
Setting up liblzma5:amd64 (5.1.1alpha+20120614-2.1) ...
Setting up base-passwd (3.5.39) ...
Setting up e2fslibs:amd64 (1.43-3) ...
Setting up debianutils (4.7) ...
Setting up libncursesw5:amd64 (6.0+20160319-1) ...
Setting up libdb5.3:amd64 (5.3.28-11) ...
Setting up hostname (3.17) ...
Setting up multiarch-support (2.22-11) ...
Setting up mawk (1.3.3-17) ...
Setting up bsdutils (1:2.28-1+devuan3) ...
Setting up libpcre3:amd64 (2:8.38-3.1) ...
Setting up base-files (9.2+devuan7) ...
Setting up libselinux1:amd64 (2.5-3) ...
Setting up findutils (4.6.0+git+20160126-2) ...
Setting up ncurses-bin (6.0+20160319-1) ...
Setting up libncurses5:amd64 (6.0+20160319-1) ...
Setting up libattr1:amd64 (1:2.4.47-2) ...
Setting up zlib1g:amd64 (1:1.2.8.dfsg-2+b1) ...
Setting up libsemanage1:amd64 (2.5-1) ...
Setting up libacl1:amd64 (2.2.52-3) ...
Setting up coreutils (8.25-2) ...
Setting up tar (1.29-1) ...
update-alternatives: warning: forcing reinstallation of alternative /usr/sbin/rmt-tar because link group rmt is broken
Setting up dpkg (1.18.7) ...
Setting up sed (4.2.2-7.1) ...
Setting up perl-base (5.22.2-1) ...
Setting up grep (2.25-3) ...
Setting up debconf (1.5.59) ...
Setting up tzdata (2016d-2) ...

Current default time zone: 'Etc/UTC'
Local time is now:      Mon Jun 13 03:47:44 UTC 2016.
Universal Time is now:  Mon Jun 13 03:47:44 UTC 2016.
Run 'dpkg-reconfigure tzdata' if you wish to change it.

Setting up gzip (1.6-5) ...
Setting up dash (0.5.8-2.2) ...
Setting up init-system-helpers (1.29+devuan1.0) ...
Setting up sysvinit-utils (2.88dsf-59.3+devuan2) ...
Setting up sysv-rc (2.88dsf-59.3+devuan2) ...
Setting up libpam0g:amd64 (1.1.8-3.3) ...
Setting up libpam-modules-bin (1.1.8-3.3) ...
Setting up bash (4.3-14+b1) ...
update-alternatives: warning: forcing reinstallation of alternative /usr/share/man/man7/bash-builtins.7.gz because link group builtins.7.gz is broken
Setting up libpam-modules:amd64 (1.1.8-3.3) ...
Setting up libpam-runtime (1.1.8-3.3) ...
Setting up passwd (1:4.2-3.1) ...
Shadow passwords are now on.
Setting up login (1:4.2-3.1) ...
Setting up libuuid1:amd64 (2.28-1+devuan3) ...
Setting up libblkid1:amd64 (2.28-1+devuan3) ...
Setting up libmount1:amd64 (2.28-1+devuan3) ...
Setting up mount (2.28-1+devuan3) ...
Setting up libfdisk1:amd64 (2.28-1+devuan3) ...
Setting up initscripts (2.88dsf-59.3+devuan2) ...
invoke-rc.d: policy-rc.d denied execution of start.
Setting up util-linux (2.28-1+devuan3) ...
Setting up e2fsprogs (1.43-3) ...
Setting up sysvinit-core (2.88dsf-59.3+devuan2) ...
Not restarting sysvinit
Setting up init (1.29+devuan1.0) ...
Processing triggers for libc-bin (2.22-11) ...
(Reading database ... 5936 files and directories currently installed.)
Preparing to unpack .../libgcrypt20_1.7.0-2_amd64.deb ...
Unpacking libgcrypt20:amd64 (1.7.0-2) ...
Preparing to unpack .../libgpg-error0_1.22-2_amd64.deb ...
Unpacking libgpg-error0:amd64 (1.22-2) ...
Setting up libgpg-error0:amd64 (1.22-2) ...
Setting up libgcrypt20:amd64 (1.7.0-2) ...
Processing triggers for libc-bin (2.22-11) ...
(Reading database ... 5972 files and directories currently installed.)
Preparing to unpack .../libprocps4_2%3a3.3.10-4+devuan1.0_amd64.deb ...
Unpacking libprocps4:amd64 (2:3.3.10-4+devuan1.0) ...
Preparing to unpack .../procps_2%3a3.3.10-4+devuan1.0_amd64.deb ...
Unpacking procps (2:3.3.10-4+devuan1.0) ...
Preparing to unpack .../rsyslog_8.14.0-2+devuan1.0_amd64.deb ...
Unpacking rsyslog (8.14.0-2+devuan1.0) ...
Preparing to unpack .../sysvinit_2.88dsf-59.3+devuan2_amd64.deb ...
Unpacking sysvinit (2.88dsf-59.3+devuan2) ...
Preparing to unpack .../tasksel_3.33+devuan0.3_all.deb ...
Unpacking tasksel (3.33+devuan0.3) ...
Preparing to unpack .../tasksel-data_3.33+devuan0.3_all.deb ...
Unpacking tasksel-data (3.33+devuan0.3) ...
Preparing to unpack .../archives/adduser_3.114_all.deb ...
Unpacking adduser (3.114) ...
Preparing to unpack .../archives/apt_1.2.12_amd64.deb ...
Unpacking apt (1.2.12) ...
Preparing to unpack .../apt-utils_1.2.12_amd64.deb ...
Unpacking apt-utils (1.2.12) ...
Preparing to unpack .../libapt-inst2.0_1.2.12_amd64.deb ...
Unpacking libapt-inst2.0:amd64 (1.2.12) ...
Preparing to unpack .../libapt-pkg5.0_1.2.12_amd64.deb ...
Unpacking libapt-pkg5.0:amd64 (1.2.12) ...
Preparing to unpack .../libdns-export162_1%3a9.10.3.dfsg.P4-10_amd64.deb ...
Unpacking libdns-export162 (1:9.10.3.dfsg.P4-10) ...
Preparing to unpack .../libisc-export160_1%3a9.10.3.dfsg.P4-10_amd64.deb ...
Unpacking libisc-export160 (1:9.10.3.dfsg.P4-10) ...
Preparing to unpack .../blends-tasks_0.6.93_all.deb ...
Unpacking blends-tasks (0.6.93) ...
Preparing to unpack .../libboost-iostreams1.58.0_1.58.0+dfsg-5+b1_amd64.deb ...
Unpacking libboost-iostreams1.58.0:amd64 (1.58.0+dfsg-5+b1) ...
Preparing to unpack .../libboost-iostreams1.60.0_1.60.0+dfsg-6_amd64.deb ...
Unpacking libboost-iostreams1.60.0:amd64 (1.60.0+dfsg-6) ...
Preparing to unpack .../bsdmainutils_9.0.10_amd64.deb ...
Unpacking bsdmainutils (9.0.10) ...
Preparing to unpack .../cpio_2.11+dfsg-5_amd64.deb ...
Unpacking cpio (2.11+dfsg-5) ...
Preparing to unpack .../cron_3.0pl1-128_amd64.deb ...
Unpacking cron (3.0pl1-128) ...
Preparing to unpack .../debconf-i18n_1.5.59_all.deb ...
Unpacking debconf-i18n (1.5.59) ...
Preparing to unpack .../debian-archive-keyring_2014.3_all.deb ...
Unpacking debian-archive-keyring (2014.3) ...
Preparing to unpack .../dmidecode_3.0-3_amd64.deb ...
Unpacking dmidecode (3.0-3) ...
Preparing to unpack .../libstdc++6_6.1.1-4_amd64.deb ...
Unpacking libstdc++6:amd64 (6.1.1-4) ...
Preparing to unpack .../libgdbm3_1.8.3-13.1_amd64.deb ...
Unpacking libgdbm3:amd64 (1.8.3-13.1) ...
Preparing to unpack .../libgmp10_2%3a6.1.0+dfsg-2_amd64.deb ...
Unpacking libgmp10:amd64 (2:6.1.0+dfsg-2) ...
Preparing to unpack .../gnupg_1.4.20-6_amd64.deb ...
Unpacking gnupg (1.4.20-6) ...
Preparing to unpack .../gpgv_1.4.20-6_amd64.deb ...
Unpacking gpgv (1.4.20-6) ...
Preparing to unpack .../libgnutls30_3.4.13-1_amd64.deb ...
Unpacking libgnutls30:amd64 (3.4.13-1) ...
Preparing to unpack .../libicu55_55.1-7_amd64.deb ...
Unpacking libicu55:amd64 (55.1-7) ...
Preparing to unpack .../ifupdown_0.8.13_amd64.deb ...
Unpacking ifupdown (0.8.13) ...
Preparing to unpack .../iproute2_4.3.0-1+b1_amd64.deb ...
Unpacking iproute2 (4.3.0-1+b1) ...
Preparing to unpack .../iptables_1.6.0-2_amd64.deb ...
Unpacking iptables (1.6.0-2) ...
Preparing to unpack .../libxtables11_1.6.0-2_amd64.deb ...
Unpacking libxtables11 (1.6.0-2) ...
Preparing to unpack .../iputils-ping_3%3a20150815-2_amd64.deb ...
Unpacking iputils-ping (3:20150815-2) ...
Preparing to unpack .../isc-dhcp-client_4.3.4-1_amd64.deb ...
Unpacking isc-dhcp-client (4.3.4-1) ...
Preparing to unpack .../isc-dhcp-common_4.3.4-1_amd64.deb ...
Unpacking isc-dhcp-common (4.3.4-1) ...
Preparing to unpack .../libjson-c2_0.11-4_amd64.deb ...
Unpacking libjson-c2:amd64 (0.11-4) ...
Preparing to unpack .../libjson-c3_0.12-3_amd64.deb ...
Unpacking libjson-c3:amd64 (0.12-3) ...
Preparing to unpack .../archives/kmod_22-1.1_amd64.deb ...
Unpacking kmod (22-1.1) ...
Preparing to unpack .../libkmod2_22-1.1_amd64.deb ...
Unpacking libkmod2:amd64 (22-1.1) ...
Preparing to unpack .../libbsd0_0.8.3-1_amd64.deb ...
Unpacking libbsd0:amd64 (0.8.3-1) ...
Preparing to unpack .../libcap2_1%3a2.25-1_amd64.deb ...
Unpacking libcap2:amd64 (1:2.25-1) ...
Preparing to unpack .../libestr0_0.1.10-2_amd64.deb ...
Unpacking libestr0 (0.1.10-2) ...
Preparing to unpack .../libffi6_3.2.1-4_amd64.deb ...
Unpacking libffi6:amd64 (3.2.1-4) ...
Preparing to unpack .../libidn11_1.32-3_amd64.deb ...
Unpacking libidn11:amd64 (1.32-3) ...
Preparing to unpack .../liblocale-gettext-perl_1.07-2_amd64.deb ...
Unpacking liblocale-gettext-perl (1.07-2) ...
Preparing to unpack .../liblogging-stdlog0_1.0.5-2_amd64.deb ...
Unpacking liblogging-stdlog0:amd64 (1.0.5-2) ...
Preparing to unpack .../liblognorm2_1.1.2-1.1+b2_amd64.deb ...
Unpacking liblognorm2:amd64 (1.1.2-1.1+b2) ...
Preparing to unpack .../libnfnetlink0_1.0.1-3_amd64.deb ...
Unpacking libnfnetlink0:amd64 (1.0.1-3) ...
Preparing to unpack .../libpipeline1_1.4.1-2_amd64.deb ...
Unpacking libpipeline1:amd64 (1.4.1-2) ...
Preparing to unpack .../libpsl0_0.11.0-2_amd64.deb ...
Unpacking libpsl0:amd64 (0.11.0-2) ...
Preparing to unpack .../libtasn1-6_4.8-1_amd64.deb ...
Unpacking libtasn1-6:amd64 (4.8-1) ...
Preparing to unpack .../libtext-charwidth-perl_0.04-7+b4_amd64.deb ...
Unpacking libtext-charwidth-perl (0.04-7+b4) ...
Preparing to unpack .../libtext-iconv-perl_1.7-5+b3_amd64.deb ...
Unpacking libtext-iconv-perl (1.7-5+b3) ...
Preparing to unpack .../libtext-wrapi18n-perl_0.06-7.1_all.deb ...
Unpacking libtext-wrapi18n-perl (0.06-7.1) ...
Preparing to unpack .../libusb-0.1-4_2%3a0.1.12-30_amd64.deb ...
Unpacking libusb-0.1-4:amd64 (2:0.1.12-30) ...
Preparing to unpack .../logrotate_3.8.7-2_amd64.deb ...
Unpacking logrotate (3.8.7-2) ...
Preparing to unpack .../liblz4-1_0.0~r131-2_amd64.deb ...
Unpacking liblz4-1:amd64 (0.0~r131-2) ...
Preparing to unpack .../nano_2.5.3-3_amd64.deb ...
Unpacking nano (2.5.3-3) ...
Preparing to unpack .../net-tools_1.60+git20150829.73cef8a-2_amd64.deb ...
Unpacking net-tools (1.60+git20150829.73cef8a-2) ...
Preparing to unpack .../archives/netbase_5.3_all.deb ...
Unpacking netbase (5.3) ...
Preparing to unpack .../libhogweed4_3.2-1_amd64.deb ...
Unpacking libhogweed4:amd64 (3.2-1) ...
Preparing to unpack .../libnettle6_3.2-1_amd64.deb ...
Unpacking libnettle6:amd64 (3.2-1) ...
Preparing to unpack .../libnewt0.52_0.52.18-3_amd64.deb ...
Unpacking libnewt0.52:amd64 (0.52.18-3) ...
Preparing to unpack .../whiptail_0.52.18-3_amd64.deb ...
Unpacking whiptail (0.52.18-3) ...
Preparing to unpack .../libssl1.0.2_1.0.2h-1_amd64.deb ...
Unpacking libssl1.0.2:amd64 (1.0.2h-1) ...
Preparing to unpack .../libp11-kit0_0.23.2-3_amd64.deb ...
Unpacking libp11-kit0:amd64 (0.23.2-3) ...
Preparing to unpack .../libpopt0_1.16-10_amd64.deb ...
Unpacking libpopt0:amd64 (1.16-10) ...
Preparing to unpack .../libprocps5_2%3a3.3.11-3_amd64.deb ...
Unpacking libprocps5:amd64 (2:3.3.11-3) ...
Preparing to unpack .../libreadline6_6.3-8+b4_amd64.deb ...
Unpacking libreadline6:amd64 (6.3-8+b4) ...
Preparing to unpack .../readline-common_6.3-8_all.deb ...
Unpacking readline-common (6.3-8) ...
Preparing to unpack .../libslang2_2.3.0-2.3_amd64.deb ...
Unpacking libslang2:amd64 (2.3.0-2.3) ...
Preparing to unpack .../libsystemd0_230-2_amd64.deb ...
Unpacking libsystemd0:amd64 (230-2) ...
Preparing to unpack .../archives/udev_230-2_amd64.deb ...
Unpacking udev (230-2) ...
Preparing to unpack .../vim-common_2%3a7.4.1829-1_amd64.deb ...
Obsolete conffile /etc/vim/vimrc.tiny has been modified by you.
Saving as /etc/vim/vimrc.tiny.dpkg-bak ...
Unpacking vim-common (2:7.4.1829-1) ...
Preparing to unpack .../vim-tiny_2%3a7.4.1829-1_amd64.deb ...
Unpacking vim-tiny (2:7.4.1829-1) ...
Preparing to unpack .../wget_1.17.1-2_amd64.deb ...
Unpacking wget (1.17.1-2) ...
Preparing to unpack .../libxapian22v5_1.2.23-1_amd64.deb ...
Unpacking libxapian22v5:amd64 (1.2.23-1) ...
Processing triggers for libc-bin (2.22-11) ...
Setting up readline-common (6.3-8) ...
Setting up libgdbm3:amd64 (1.8.3-13.1) ...
Setting up libnettle6:amd64 (3.2-1) ...
Setting up cpio (2.11+dfsg-5) ...
update-alternatives: warning: forcing reinstallation of alternative /bin/mt-gnu because link group mt is broken
Setting up libpopt0:amd64 (1.16-10) ...
Setting up libestr0 (0.1.10-2) ...
Setting up libisc-export160 (1:9.10.3.dfsg.P4-10) ...
Setting up liblz4-1:amd64 (0.0~r131-2) ...
Setting up isc-dhcp-common (4.3.4-1) ...
Setting up dmidecode (3.0-3) ...
Setting up libjson-c3:amd64 (0.12-3) ...
Setting up gpgv (1.4.20-6) ...
Setting up libcap2:amd64 (1:2.25-1) ...
Setting up liblogging-stdlog0:amd64 (1.0.5-2) ...
Setting up libxtables11 (1.6.0-2) ...
Setting up libsystemd0:amd64 (230-2) ...
Setting up libpipeline1:amd64 (1.4.1-2) ...
Setting up iproute2 (4.3.0-1+b1) ...

Configuration file '/etc/iproute2/rt_dsfield'
 ==> File on system created by you or by a script.
 ==> File also in package provided by package maintainer.
 ==> Using current old file as you requested.

Configuration file '/etc/iproute2/rt_protos'
 ==> File on system created by you or by a script.
 ==> File also in package provided by package maintainer.
 ==> Using current old file as you requested.
Setting up libbsd0:amd64 (0.8.3-1) ...
Setting up libkmod2:amd64 (22-1.1) ...
Setting up libtasn1-6:amd64 (4.8-1) ...
Setting up libssl1.0.2:amd64 (1.0.2h-1) ...
Setting up nano (2.5.3-3) ...

Configuration file '/etc/nanorc'
 ==> File on system created by you or by a script.
 ==> File also in package provided by package maintainer.
 ==> Using current old file as you requested.
update-alternatives: warning: forcing reinstallation of alternative /bin/nano because link group editor is broken
update-alternatives: warning: forcing reinstallation of alternative /bin/nano because link group pico is broken
Setting up libprocps5:amd64 (2:3.3.11-3) ...
Setting up libgmp10:amd64 (2:6.1.0+dfsg-2) ...
Setting up liblognorm2:amd64 (1.1.2-1.1+b2) ...
Setting up sysvinit (2.88dsf-59.3+devuan2) ...
Setting up debian-archive-keyring (2014.3) ...
Setting up libtext-iconv-perl (1.7-5+b3) ...
Setting up vim-common (2:7.4.1829-1) ...
Setting up liblocale-gettext-perl (1.07-2) ...
Setting up libnfnetlink0:amd64 (1.0.1-3) ...
Setting up libstdc++6:amd64 (6.1.1-4) ...
Setting up libffi6:amd64 (3.2.1-4) ...
Setting up libtext-charwidth-perl (0.04-7+b4) ...
Setting up bsdmainutils (9.0.10) ...
update-alternatives: warning: forcing reinstallation of alternative /usr/bin/bsd-write because link group write is broken
update-alternatives: warning: forcing reinstallation of alternative /usr/bin/bsd-from because link group from is broken
Setting up net-tools (1.60+git20150829.73cef8a-2) ...
Setting up adduser (3.114) ...
Setting up libprocps4:amd64 (2:3.3.10-4+devuan1.0) ...
Setting up libslang2:amd64 (2.3.0-2.3) ...
Setting up cron (3.0pl1-128) ...
update-rc.d: warning: start and stop actions are no longer supported; falling back to defaults
invoke-rc.d: policy-rc.d denied execution of start.
Setting up libusb-0.1-4:amd64 (2:0.1.12-30) ...
Setting up logrotate (3.8.7-2) ...
Setting up libidn11:amd64 (1.32-3) ...
Setting up libreadline6:amd64 (6.3-8+b4) ...
Setting up libjson-c2:amd64 (0.11-4) ...
Setting up netbase (5.3) ...
Setting up iputils-ping (3:20150815-2) ...
Setcap is not installed, falling back to setuid
Setting up vim-tiny (2:7.4.1829-1) ...
update-alternatives: warning: forcing reinstallation of alternative /usr/bin/vim.tiny because link group vi is broken
update-alternatives: warning: forcing reinstallation of alternative /usr/bin/vim.tiny because link group view is broken
update-alternatives: warning: forcing reinstallation of alternative /usr/bin/vim.tiny because link group ex is broken
Setting up libapt-pkg5.0:amd64 (1.2.12) ...
Setting up libapt-inst2.0:amd64 (1.2.12) ...
Setting up libicu55:amd64 (55.1-7) ...
Setting up kmod (22-1.1) ...

Configuration file '/etc/init.d/kmod'
 ==> File on system created by you or by a script.
 ==> File also in package provided by package maintainer.
 ==> Using current old file as you requested.
Setting up ifupdown (0.8.13) ...

Configuration file '/etc/init.d/networking'
 ==> File on system created by you or by a script.
 ==> File also in package provided by package maintainer.
 ==> Using current old file as you requested.
Setting up gnupg (1.4.20-6) ...
Setting up libdns-export162 (1:9.10.3.dfsg.P4-10) ...
Setting up libpsl0:amd64 (0.11.0-2) ...
Setting up libboost-iostreams1.60.0:amd64 (1.60.0+dfsg-6) ...
Setting up isc-dhcp-client (4.3.4-1) ...

Configuration file '/etc/dhcp/dhclient-exit-hooks.d/rfc3442-classless-routes'
 ==> File on system created by you or by a script.
 ==> File also in package provided by package maintainer.
 ==> Using current old file as you requested.

Configuration file '/etc/dhcp/dhclient.conf'
 ==> File on system created by you or by a script.
 ==> File also in package provided by package maintainer.
 ==> Using current old file as you requested.
Setting up libhogweed4:amd64 (3.2-1) ...
Setting up procps (2:3.3.10-4+devuan1.0) ...
update-alternatives: warning: forcing reinstallation of alternative /usr/bin/w.procps because link group w is broken
invoke-rc.d: policy-rc.d denied execution of start.
Setting up udev (230-2) ...

Configuration file '/etc/init.d/udev'
 ==> File on system created by you or by a script.
 ==> File also in package provided by package maintainer.
 ==> Using current old file as you requested.

Configuration file '/etc/init/udevmonitor.conf'
 ==> File on system created by you or by a script.
 ==> File also in package provided by package maintainer.
 ==> Using current old file as you requested.

Configuration file '/etc/udev/udev.conf'
 ==> File on system created by you or by a script.
 ==> File also in package provided by package maintainer.
 ==> Using current old file as you requested.
addgroup: The group `input' already exists as a system group. Exiting.
A chroot environment has been detected, udev not started.
Setting up iptables (1.6.0-2) ...
Setting up libxapian22v5:amd64 (1.2.23-1) ...
Setting up libtext-wrapi18n-perl (0.06-7.1) ...
Setting up libp11-kit0:amd64 (0.23.2-3) ...
Setting up libboost-iostreams1.58.0:amd64 (1.58.0+dfsg-5+b1) ...
Setting up apt (1.2.12) ...

Configuration file '/etc/apt/apt.conf.d/01autoremove'
 ==> File on system created by you or by a script.
 ==> File also in package provided by package maintainer.
 ==> Using current old file as you requested.

Configuration file '/etc/kernel/postinst.d/apt-auto-removal'
 ==> File on system created by you or by a script.
 ==> File also in package provided by package maintainer.
 ==> Using current old file as you requested.
Setting up libnewt0.52:amd64 (0.52.18-3) ...
Setting up rsyslog (8.14.0-2+devuan1.0) ...

Configuration file '/etc/rsyslog.conf'
 ==> File on system created by you or by a script.
 ==> File also in package provided by package maintainer.
 ==> Using current old file as you requested.
invoke-rc.d: policy-rc.d denied execution of start.
Setting up apt-utils (1.2.12) ...
Setting up debconf-i18n (1.5.59) ...
Setting up whiptail (0.52.18-3) ...
Setting up libgnutls30:amd64 (3.4.13-1) ...
Setting up wget (1.17.1-2) ...

Configuration file '/etc/wgetrc'
 ==> File on system created by you or by a script.
 ==> File also in package provided by package maintainer.
 ==> Using current old file as you requested.
Setting up tasksel (3.33+devuan0.3) ...
Setting up blends-tasks (0.6.93) ...
Setting up tasksel-data (3.33+devuan0.3) ...
Processing triggers for libc-bin (2.22-11) ...
