2016-06-10 04:10:24 startup archives install
2016-06-10 04:10:24 install base-passwd:amd64 <none> 3.5.39
2016-06-10 04:10:24 status half-installed base-passwd:amd64 3.5.39
2016-06-10 04:10:24 status unpacked base-passwd:amd64 3.5.39
2016-06-10 04:10:25 status unpacked base-passwd:amd64 3.5.39
2016-06-10 04:10:25 configure base-passwd:amd64 3.5.39 3.5.39
2016-06-10 04:10:25 status unpacked base-passwd:amd64 3.5.39
2016-06-10 04:10:25 status half-configured base-passwd:amd64 3.5.39
2016-06-10 04:10:25 status installed base-passwd:amd64 3.5.39
2016-06-10 04:10:25 startup archives install
2016-06-10 04:10:25 install base-files:amd64 <none> 9.2+devuan7
2016-06-10 04:10:25 status half-installed base-files:amd64 9.2+devuan7
2016-06-10 04:10:25 status unpacked base-files:amd64 9.2+devuan7
2016-06-10 04:10:26 status unpacked base-files:amd64 9.2+devuan7
2016-06-10 04:10:26 configure base-files:amd64 9.2+devuan7 9.2+devuan7
2016-06-10 04:10:26 status unpacked base-files:amd64 9.2+devuan7
2016-06-10 04:10:26 status unpacked base-files:amd64 9.2+devuan7
2016-06-10 04:10:26 status unpacked base-files:amd64 9.2+devuan7
2016-06-10 04:10:26 status unpacked base-files:amd64 9.2+devuan7
2016-06-10 04:10:26 status unpacked base-files:amd64 9.2+devuan7
2016-06-10 04:10:26 status unpacked base-files:amd64 9.2+devuan7
2016-06-10 04:10:26 status half-configured base-files:amd64 9.2+devuan7
2016-06-10 04:10:26 status installed base-files:amd64 9.2+devuan7
2016-06-10 04:10:26 startup archives install
2016-06-10 04:10:26 upgrade dpkg 1.18.7 1.18.7
2016-06-10 04:10:26 status half-configured dpkg 1.18.7
2016-06-10 04:10:26 status unpacked dpkg 1.18.7
2016-06-10 04:10:26 status half-installed dpkg 1.18.7
2016-06-10 04:10:27 status half-installed dpkg 1.18.7
2016-06-10 04:10:28 status unpacked dpkg:amd64 1.18.7
2016-06-10 04:10:28 status unpacked dpkg:amd64 1.18.7
2016-06-10 04:10:28 configure dpkg:amd64 1.18.7 1.18.7
2016-06-10 04:10:28 status unpacked dpkg:amd64 1.18.7
2016-06-10 04:10:28 status unpacked dpkg:amd64 1.18.7
2016-06-10 04:10:28 status unpacked dpkg:amd64 1.18.7
2016-06-10 04:10:28 status unpacked dpkg:amd64 1.18.7
2016-06-10 04:10:29 status unpacked dpkg:amd64 1.18.7
2016-06-10 04:10:29 status half-configured dpkg:amd64 1.18.7
2016-06-10 04:10:29 status installed dpkg:amd64 1.18.7
2016-06-10 04:10:29 startup archives install
2016-06-10 04:10:30 install libc6:amd64 <none> 2.22-9
2016-06-10 04:10:30 status half-installed libc6:amd64 2.22-9
2016-06-10 04:10:32 status unpacked libc6:amd64 2.22-9
2016-06-10 04:10:32 status unpacked libc6:amd64 2.22-9
2016-06-10 04:10:32 configure libc6:amd64 2.22-9 2.22-9
2016-06-10 04:10:32 status unpacked libc6:amd64 2.22-9
2016-06-10 04:10:32 status unpacked libc6:amd64 2.22-9
2016-06-10 04:10:32 status half-configured libc6:amd64 2.22-9
2016-06-10 04:10:32 status installed libc6:amd64 2.22-9
2016-06-10 04:10:33 startup archives install
2016-06-10 04:10:33 install perl-base:amd64 <none> 5.22.2-1
2016-06-10 04:10:33 status half-installed perl-base:amd64 5.22.2-1
2016-06-10 04:10:37 status unpacked perl-base:amd64 5.22.2-1
2016-06-10 04:10:37 status unpacked perl-base:amd64 5.22.2-1
2016-06-10 04:10:37 configure perl-base:amd64 5.22.2-1 5.22.2-1
2016-06-10 04:10:37 status unpacked perl-base:amd64 5.22.2-1
2016-06-10 04:10:37 status half-configured perl-base:amd64 5.22.2-1
2016-06-10 04:10:37 status installed perl-base:amd64 5.22.2-1
2016-06-10 04:10:37 startup archives install
2016-06-10 04:10:37 install mawk:amd64 <none> 1.3.3-17
2016-06-10 04:10:37 status half-installed mawk:amd64 1.3.3-17
2016-06-10 04:10:38 status unpacked mawk:amd64 1.3.3-17
2016-06-10 04:10:38 status unpacked mawk:amd64 1.3.3-17
2016-06-10 04:10:38 configure mawk:amd64 1.3.3-17 1.3.3-17
2016-06-10 04:10:38 status unpacked mawk:amd64 1.3.3-17
2016-06-10 04:10:38 status half-configured mawk:amd64 1.3.3-17
2016-06-10 04:10:38 status installed mawk:amd64 1.3.3-17
2016-06-10 04:10:38 startup archives install
2016-06-10 04:10:38 install debconf:all <none> 1.5.59
2016-06-10 04:10:38 status half-installed debconf:all 1.5.59
2016-06-10 04:10:40 status unpacked debconf:all 1.5.59
2016-06-10 04:10:40 status unpacked debconf:all 1.5.59
2016-06-10 04:10:40 configure debconf:all 1.5.59 1.5.59
2016-06-10 04:10:40 status unpacked debconf:all 1.5.59
2016-06-10 04:10:40 status unpacked debconf:all 1.5.59
2016-06-10 04:10:40 status unpacked debconf:all 1.5.59
2016-06-10 04:10:40 status half-configured debconf:all 1.5.59
2016-06-10 04:10:40 status installed debconf:all 1.5.59
2016-06-10 04:10:40 startup archives unpack
2016-06-10 04:10:40 upgrade base-files:amd64 9.2+devuan7 9.2+devuan7
2016-06-10 04:10:40 status half-configured base-files:amd64 9.2+devuan7
2016-06-10 04:10:40 status unpacked base-files:amd64 9.2+devuan7
2016-06-10 04:10:40 status half-installed base-files:amd64 9.2+devuan7
2016-06-10 04:10:41 status half-installed base-files:amd64 9.2+devuan7
2016-06-10 04:10:41 status unpacked base-files:amd64 9.2+devuan7
2016-06-10 04:10:41 status unpacked base-files:amd64 9.2+devuan7
2016-06-10 04:10:41 install init:amd64 <none> 1.29+devuan1.0
2016-06-10 04:10:41 status half-installed init:amd64 1.29+devuan1.0
2016-06-10 04:10:41 status unpacked init:amd64 1.29+devuan1.0
2016-06-10 04:10:41 status unpacked init:amd64 1.29+devuan1.0
2016-06-10 04:10:41 install init-system-helpers:all <none> 1.29+devuan1.0
2016-06-10 04:10:41 status half-installed init-system-helpers:all 1.29+devuan1.0
2016-06-10 04:10:42 status unpacked init-system-helpers:all 1.29+devuan1.0
2016-06-10 04:10:42 status unpacked init-system-helpers:all 1.29+devuan1.0
2016-06-10 04:10:42 install lsb-base:all <none> 4.1+devuan2
2016-06-10 04:10:42 status half-installed lsb-base:all 4.1+devuan2
2016-06-10 04:10:42 status unpacked lsb-base:all 4.1+devuan2
2016-06-10 04:10:42 status unpacked lsb-base:all 4.1+devuan2
2016-06-10 04:10:42 install initscripts:amd64 <none> 2.88dsf-59.3+devuan2
2016-06-10 04:10:42 status half-installed initscripts:amd64 2.88dsf-59.3+devuan2
2016-06-10 04:10:43 status unpacked initscripts:amd64 2.88dsf-59.3+devuan2
2016-06-10 04:10:43 status unpacked initscripts:amd64 2.88dsf-59.3+devuan2
2016-06-10 04:10:43 install sysvinit-core:amd64 <none> 2.88dsf-59.3+devuan2
2016-06-10 04:10:43 status half-installed sysvinit-core:amd64 2.88dsf-59.3+devuan2
2016-06-10 04:10:43 status unpacked sysvinit-core:amd64 2.88dsf-59.3+devuan2
2016-06-10 04:10:43 status unpacked sysvinit-core:amd64 2.88dsf-59.3+devuan2
2016-06-10 04:10:44 install sysvinit-utils:amd64 <none> 2.88dsf-59.3+devuan2
2016-06-10 04:10:44 status half-installed sysvinit-utils:amd64 2.88dsf-59.3+devuan2
2016-06-10 04:10:44 status unpacked sysvinit-utils:amd64 2.88dsf-59.3+devuan2
2016-06-10 04:10:44 status unpacked sysvinit-utils:amd64 2.88dsf-59.3+devuan2
2016-06-10 04:10:44 install sysv-rc:all <none> 2.88dsf-59.3+devuan2
2016-06-10 04:10:44 status half-installed sysv-rc:all 2.88dsf-59.3+devuan2
2016-06-10 04:10:44 status unpacked sysv-rc:all 2.88dsf-59.3+devuan2
2016-06-10 04:10:44 status unpacked sysv-rc:all 2.88dsf-59.3+devuan2
2016-06-10 04:10:45 install bsdutils:amd64 <none> 1:2.28-1+devuan3
2016-06-10 04:10:45 status half-installed bsdutils:amd64 1:2.28-1+devuan3
2016-06-10 04:10:45 status unpacked bsdutils:amd64 1:2.28-1+devuan3
2016-06-10 04:10:45 status unpacked bsdutils:amd64 1:2.28-1+devuan3
2016-06-10 04:10:45 install libblkid1:amd64 <none> 2.28-1+devuan3
2016-06-10 04:10:45 status half-installed libblkid1:amd64 2.28-1+devuan3
2016-06-10 04:10:45 status unpacked libblkid1:amd64 2.28-1+devuan3
2016-06-10 04:10:45 status unpacked libblkid1:amd64 2.28-1+devuan3
2016-06-10 04:10:46 install libfdisk1:amd64 <none> 2.28-1+devuan3
2016-06-10 04:10:46 status half-installed libfdisk1:amd64 2.28-1+devuan3
2016-06-10 04:10:46 status unpacked libfdisk1:amd64 2.28-1+devuan3
2016-06-10 04:10:46 status unpacked libfdisk1:amd64 2.28-1+devuan3
2016-06-10 04:10:46 install libmount1:amd64 <none> 2.28-1+devuan3
2016-06-10 04:10:46 status half-installed libmount1:amd64 2.28-1+devuan3
2016-06-10 04:10:46 status unpacked libmount1:amd64 2.28-1+devuan3
2016-06-10 04:10:46 status unpacked libmount1:amd64 2.28-1+devuan3
2016-06-10 04:10:47 install libsmartcols1:amd64 <none> 2.28-1+devuan3
2016-06-10 04:10:47 status half-installed libsmartcols1:amd64 2.28-1+devuan3
2016-06-10 04:10:47 status unpacked libsmartcols1:amd64 2.28-1+devuan3
2016-06-10 04:10:47 status unpacked libsmartcols1:amd64 2.28-1+devuan3
2016-06-10 04:10:47 install libuuid1:amd64 <none> 2.28-1+devuan3
2016-06-10 04:10:47 status half-installed libuuid1:amd64 2.28-1+devuan3
2016-06-10 04:10:47 status unpacked libuuid1:amd64 2.28-1+devuan3
2016-06-10 04:10:47 status unpacked libuuid1:amd64 2.28-1+devuan3
2016-06-10 04:10:47 install mount:amd64 <none> 2.28-1+devuan3
2016-06-10 04:10:47 status half-installed mount:amd64 2.28-1+devuan3
2016-06-10 04:10:48 status unpacked mount:amd64 2.28-1+devuan3
2016-06-10 04:10:48 status unpacked mount:amd64 2.28-1+devuan3
2016-06-10 04:10:48 install util-linux:amd64 <none> 2.28-1+devuan3
2016-06-10 04:10:48 status half-installed util-linux:amd64 2.28-1+devuan3
2016-06-10 04:10:50 status unpacked util-linux:amd64 2.28-1+devuan3
2016-06-10 04:10:50 status unpacked util-linux:amd64 2.28-1+devuan3
2016-06-10 04:10:50 install libacl1:amd64 <none> 2.2.52-3
2016-06-10 04:10:50 status half-installed libacl1:amd64 2.2.52-3
2016-06-10 04:10:51 status unpacked libacl1:amd64 2.2.52-3
2016-06-10 04:10:51 status unpacked libacl1:amd64 2.2.52-3
2016-06-10 04:10:51 install libattr1:amd64 <none> 1:2.4.47-2
2016-06-10 04:10:51 status half-installed libattr1:amd64 1:2.4.47-2
2016-06-10 04:10:51 status unpacked libattr1:amd64 1:2.4.47-2
2016-06-10 04:10:51 status unpacked libattr1:amd64 1:2.4.47-2
2016-06-10 04:10:51 install libaudit-common:all <none> 1:2.5.2-1
2016-06-10 04:10:51 status half-installed libaudit-common:all 1:2.5.2-1
2016-06-10 04:10:51 status unpacked libaudit-common:all 1:2.5.2-1
2016-06-10 04:10:51 status unpacked libaudit-common:all 1:2.5.2-1
2016-06-10 04:10:52 install libaudit1:amd64 <none> 1:2.5.2-1
2016-06-10 04:10:52 status half-installed libaudit1:amd64 1:2.5.2-1
2016-06-10 04:10:52 status unpacked libaudit1:amd64 1:2.5.2-1
2016-06-10 04:10:52 status unpacked libaudit1:amd64 1:2.5.2-1
2016-06-10 04:10:52 upgrade base-passwd:amd64 3.5.39 3.5.39
2016-06-10 04:10:52 status half-configured base-passwd:amd64 3.5.39
2016-06-10 04:10:52 status unpacked base-passwd:amd64 3.5.39
2016-06-10 04:10:52 status half-installed base-passwd:amd64 3.5.39
2016-06-10 04:10:52 status half-installed base-passwd:amd64 3.5.39
2016-06-10 04:10:53 status unpacked base-passwd:amd64 3.5.39
2016-06-10 04:10:53 status unpacked base-passwd:amd64 3.5.39
2016-06-10 04:10:53 install bash:amd64 <none> 4.3-14+b1
2016-06-10 04:10:53 status half-installed bash:amd64 4.3-14+b1
2016-06-10 04:10:54 status unpacked bash:amd64 4.3-14+b1
2016-06-10 04:10:55 status unpacked bash:amd64 4.3-14+b1
2016-06-10 04:10:55 install libbz2-1.0:amd64 <none> 1.0.6-8
2016-06-10 04:10:55 status half-installed libbz2-1.0:amd64 1.0.6-8
2016-06-10 04:10:55 status unpacked libbz2-1.0:amd64 1.0.6-8
2016-06-10 04:10:55 status unpacked libbz2-1.0:amd64 1.0.6-8
2016-06-10 04:10:56 install libdebconfclient0:amd64 <none> 0.213
2016-06-10 04:10:56 status half-installed libdebconfclient0:amd64 0.213
2016-06-10 04:10:56 status unpacked libdebconfclient0:amd64 0.213
2016-06-10 04:10:56 status unpacked libdebconfclient0:amd64 0.213
2016-06-10 04:10:56 install coreutils:amd64 <none> 8.25-2
2016-06-10 04:10:56 status half-installed coreutils:amd64 8.25-2
2016-06-10 04:10:58 status unpacked coreutils:amd64 8.25-2
2016-06-10 04:10:58 status unpacked coreutils:amd64 8.25-2
2016-06-10 04:10:58 install dash:amd64 <none> 0.5.8-2.2
2016-06-10 04:10:58 status half-installed dash:amd64 0.5.8-2.2
2016-06-10 04:10:58 status unpacked dash:amd64 0.5.8-2.2
2016-06-10 04:10:58 status unpacked dash:amd64 0.5.8-2.2
2016-06-10 04:10:59 install libdb5.3:amd64 <none> 5.3.28-11
2016-06-10 04:10:59 status half-installed libdb5.3:amd64 5.3.28-11
2016-06-10 04:10:59 status unpacked libdb5.3:amd64 5.3.28-11
2016-06-10 04:10:59 status unpacked libdb5.3:amd64 5.3.28-11
2016-06-10 04:10:59 upgrade debconf:all 1.5.59 1.5.59
2016-06-10 04:10:59 status half-configured debconf:all 1.5.59
2016-06-10 04:10:59 status unpacked debconf:all 1.5.59
2016-06-10 04:10:59 status half-installed debconf:all 1.5.59
2016-06-10 04:11:01 status half-installed debconf:all 1.5.59
2016-06-10 04:11:01 status unpacked debconf:all 1.5.59
2016-06-10 04:11:01 status unpacked debconf:all 1.5.59
2016-06-10 04:11:01 install debianutils:amd64 <none> 4.7
2016-06-10 04:11:01 status half-installed debianutils:amd64 4.7
2016-06-10 04:11:02 status unpacked debianutils:amd64 4.7
2016-06-10 04:11:02 status unpacked debianutils:amd64 4.7
2016-06-10 04:11:02 install diffutils:amd64 <none> 1:3.3-3
2016-06-10 04:11:02 status half-installed diffutils:amd64 1:3.3-3
2016-06-10 04:11:02 status unpacked diffutils:amd64 1:3.3-3
2016-06-10 04:11:02 status unpacked diffutils:amd64 1:3.3-3
2016-06-10 04:11:03 upgrade dpkg:amd64 1.18.7 1.18.7
2016-06-10 04:11:03 status half-configured dpkg:amd64 1.18.7
2016-06-10 04:11:03 status unpacked dpkg:amd64 1.18.7
2016-06-10 04:11:03 status half-installed dpkg:amd64 1.18.7
2016-06-10 04:11:04 status half-installed dpkg:amd64 1.18.7
2016-06-10 04:11:04 status unpacked dpkg:amd64 1.18.7
2016-06-10 04:11:04 status unpacked dpkg:amd64 1.18.7
2016-06-10 04:11:04 install e2fslibs:amd64 <none> 1.43-3
2016-06-10 04:11:04 status half-installed e2fslibs:amd64 1.43-3
2016-06-10 04:11:04 status unpacked e2fslibs:amd64 1.43-3
2016-06-10 04:11:04 status unpacked e2fslibs:amd64 1.43-3
2016-06-10 04:11:05 install e2fsprogs:amd64 <none> 1.43-3
2016-06-10 04:11:05 status half-installed e2fsprogs:amd64 1.43-3
2016-06-10 04:11:05 status unpacked e2fsprogs:amd64 1.43-3
2016-06-10 04:11:05 status unpacked e2fsprogs:amd64 1.43-3
2016-06-10 04:11:05 install libcomerr2:amd64 <none> 1.43-3
2016-06-10 04:11:05 status half-installed libcomerr2:amd64 1.43-3
2016-06-10 04:11:06 status unpacked libcomerr2:amd64 1.43-3
2016-06-10 04:11:06 status unpacked libcomerr2:amd64 1.43-3
2016-06-10 04:11:06 install libss2:amd64 <none> 1.43-3
2016-06-10 04:11:06 status half-installed libss2:amd64 1.43-3
2016-06-10 04:11:06 status unpacked libss2:amd64 1.43-3
2016-06-10 04:11:06 status unpacked libss2:amd64 1.43-3
2016-06-10 04:11:06 install findutils:amd64 <none> 4.6.0+git+20160126-2
2016-06-10 04:11:06 status half-installed findutils:amd64 4.6.0+git+20160126-2
2016-06-10 04:11:07 status unpacked findutils:amd64 4.6.0+git+20160126-2
2016-06-10 04:11:07 status unpacked findutils:amd64 4.6.0+git+20160126-2
2016-06-10 04:11:07 install gcc-4.9-base:amd64 <none> 4.9.3-14
2016-06-10 04:11:07 status half-installed gcc-4.9-base:amd64 4.9.3-14
2016-06-10 04:11:07 status unpacked gcc-4.9-base:amd64 4.9.3-14
2016-06-10 04:11:07 status unpacked gcc-4.9-base:amd64 4.9.3-14
2016-06-10 04:11:07 install gcc-5-base:amd64 <none> 5.3.1-21
2016-06-10 04:11:07 status half-installed gcc-5-base:amd64 5.3.1-21
2016-06-10 04:11:07 status unpacked gcc-5-base:amd64 5.3.1-21
2016-06-10 04:11:08 status unpacked gcc-5-base:amd64 5.3.1-21
2016-06-10 04:11:08 install gcc-6-base:amd64 <none> 6.1.1-4
2016-06-10 04:11:08 status half-installed gcc-6-base:amd64 6.1.1-4
2016-06-10 04:11:08 status unpacked gcc-6-base:amd64 6.1.1-4
2016-06-10 04:11:08 status unpacked gcc-6-base:amd64 6.1.1-4
2016-06-10 04:11:08 install libgcc1:amd64 <none> 1:6.1.1-4
2016-06-10 04:11:08 status half-installed libgcc1:amd64 1:6.1.1-4
2016-06-10 04:11:08 status unpacked libgcc1:amd64 1:6.1.1-4
2016-06-10 04:11:08 status unpacked libgcc1:amd64 1:6.1.1-4
2016-06-10 04:11:09 install libc-bin:amd64 <none> 2.22-9
2016-06-10 04:11:09 status half-installed libc-bin:amd64 2.22-9
2016-06-10 04:11:09 status unpacked libc-bin:amd64 2.22-9
2016-06-10 04:11:09 status unpacked libc-bin:amd64 2.22-9
2016-06-10 04:11:09 upgrade libc6:amd64 2.22-9 2.22-9
2016-06-10 04:11:09 status half-configured libc6:amd64 2.22-9
2016-06-10 04:11:09 status unpacked libc6:amd64 2.22-9
2016-06-10 04:11:10 status half-installed libc6:amd64 2.22-9
2016-06-10 04:11:12 status half-installed libc6:amd64 2.22-9
2016-06-10 04:11:12 status unpacked libc6:amd64 2.22-9
2016-06-10 04:11:12 status unpacked libc6:amd64 2.22-9
2016-06-10 04:11:12 install multiarch-support:amd64 <none> 2.22-9
2016-06-10 04:11:12 status half-installed multiarch-support:amd64 2.22-9
2016-06-10 04:11:12 status unpacked multiarch-support:amd64 2.22-9
2016-06-10 04:11:12 status unpacked multiarch-support:amd64 2.22-9
2016-06-10 04:11:12 install grep:amd64 <none> 2.25-3
2016-06-10 04:11:12 status half-installed grep:amd64 2.25-3
2016-06-10 04:11:13 status unpacked grep:amd64 2.25-3
2016-06-10 04:11:13 status unpacked grep:amd64 2.25-3
2016-06-10 04:11:13 install gzip:amd64 <none> 1.6-5
2016-06-10 04:11:13 status half-installed gzip:amd64 1.6-5
2016-06-10 04:11:14 status unpacked gzip:amd64 1.6-5
2016-06-10 04:11:14 status unpacked gzip:amd64 1.6-5
2016-06-10 04:11:14 install hostname:amd64 <none> 3.17
2016-06-10 04:11:14 status half-installed hostname:amd64 3.17
2016-06-10 04:11:14 status unpacked hostname:amd64 3.17
2016-06-10 04:11:14 status unpacked hostname:amd64 3.17
2016-06-10 04:11:14 install insserv:amd64 <none> 1.14.0-5.3
2016-06-10 04:11:14 status half-installed insserv:amd64 1.14.0-5.3
2016-06-10 04:11:14 status unpacked insserv:amd64 1.14.0-5.3
2016-06-10 04:11:14 status unpacked insserv:amd64 1.14.0-5.3
2016-06-10 04:11:15 install libselinux1:amd64 <none> 2.5-3
2016-06-10 04:11:15 status half-installed libselinux1:amd64 2.5-3
2016-06-10 04:11:15 status unpacked libselinux1:amd64 2.5-3
2016-06-10 04:11:15 status unpacked libselinux1:amd64 2.5-3
2016-06-10 04:11:15 install libsemanage-common:all <none> 2.5-1
2016-06-10 04:11:15 status half-installed libsemanage-common:all 2.5-1
2016-06-10 04:11:15 status unpacked libsemanage-common:all 2.5-1
2016-06-10 04:11:15 status unpacked libsemanage-common:all 2.5-1
2016-06-10 04:11:15 install libsemanage1:amd64 <none> 2.5-1
2016-06-10 04:11:15 status half-installed libsemanage1:amd64 2.5-1
2016-06-10 04:11:16 status unpacked libsemanage1:amd64 2.5-1
2016-06-10 04:11:16 status unpacked libsemanage1:amd64 2.5-1
2016-06-10 04:11:16 install libsepol1:amd64 <none> 2.5-1
2016-06-10 04:11:16 status half-installed libsepol1:amd64 2.5-1
2016-06-10 04:11:16 status unpacked libsepol1:amd64 2.5-1
2016-06-10 04:11:16 status unpacked libsepol1:amd64 2.5-1
2016-06-10 04:11:16 upgrade mawk:amd64 1.3.3-17 1.3.3-17
2016-06-10 04:11:16 status half-configured mawk:amd64 1.3.3-17
2016-06-10 04:11:16 status unpacked mawk:amd64 1.3.3-17
2016-06-10 04:11:16 status half-installed mawk:amd64 1.3.3-17
2016-06-10 04:11:17 status half-installed mawk:amd64 1.3.3-17
2016-06-10 04:11:17 status unpacked mawk:amd64 1.3.3-17
2016-06-10 04:11:17 status unpacked mawk:amd64 1.3.3-17
2016-06-10 04:11:17 install libncurses5:amd64 <none> 6.0+20160319-1
2016-06-10 04:11:17 status half-installed libncurses5:amd64 6.0+20160319-1
2016-06-10 04:11:17 status unpacked libncurses5:amd64 6.0+20160319-1
2016-06-10 04:11:17 status unpacked libncurses5:amd64 6.0+20160319-1
2016-06-10 04:11:17 install libncursesw5:amd64 <none> 6.0+20160319-1
2016-06-10 04:11:17 status half-installed libncursesw5:amd64 6.0+20160319-1
2016-06-10 04:11:18 status unpacked libncursesw5:amd64 6.0+20160319-1
2016-06-10 04:11:18 status unpacked libncursesw5:amd64 6.0+20160319-1
2016-06-10 04:11:18 install libtinfo5:amd64 <none> 6.0+20160319-1
2016-06-10 04:11:18 status half-installed libtinfo5:amd64 6.0+20160319-1
2016-06-10 04:11:18 status unpacked libtinfo5:amd64 6.0+20160319-1
2016-06-10 04:11:18 status unpacked libtinfo5:amd64 6.0+20160319-1
2016-06-10 04:11:18 install ncurses-base:all <none> 6.0+20160319-1
2016-06-10 04:11:18 status half-installed ncurses-base:all 6.0+20160319-1
2016-06-10 04:11:19 status unpacked ncurses-base:all 6.0+20160319-1
2016-06-10 04:11:19 status unpacked ncurses-base:all 6.0+20160319-1
2016-06-10 04:11:19 install ncurses-bin:amd64 <none> 6.0+20160319-1
2016-06-10 04:11:19 status half-installed ncurses-bin:amd64 6.0+20160319-1
2016-06-10 04:11:19 status unpacked ncurses-bin:amd64 6.0+20160319-1
2016-06-10 04:11:19 status unpacked ncurses-bin:amd64 6.0+20160319-1
2016-06-10 04:11:20 install libpam-modules:amd64 <none> 1.1.8-3.3
2016-06-10 04:11:20 status half-installed libpam-modules:amd64 1.1.8-3.3
2016-06-10 04:11:21 status unpacked libpam-modules:amd64 1.1.8-3.3
2016-06-10 04:11:21 status unpacked libpam-modules:amd64 1.1.8-3.3
2016-06-10 04:11:21 install libpam-modules-bin:amd64 <none> 1.1.8-3.3
2016-06-10 04:11:21 status half-installed libpam-modules-bin:amd64 1.1.8-3.3
2016-06-10 04:11:21 status unpacked libpam-modules-bin:amd64 1.1.8-3.3
2016-06-10 04:11:21 status unpacked libpam-modules-bin:amd64 1.1.8-3.3
2016-06-10 04:11:22 install libpam-runtime:all <none> 1.1.8-3.3
2016-06-10 04:11:22 status half-installed libpam-runtime:all 1.1.8-3.3
2016-06-10 04:11:22 status unpacked libpam-runtime:all 1.1.8-3.3
2016-06-10 04:11:22 status unpacked libpam-runtime:all 1.1.8-3.3
2016-06-10 04:11:23 install libpam0g:amd64 <none> 1.1.8-3.3
2016-06-10 04:11:23 status half-installed libpam0g:amd64 1.1.8-3.3
2016-06-10 04:11:23 status unpacked libpam0g:amd64 1.1.8-3.3
2016-06-10 04:11:23 status unpacked libpam0g:amd64 1.1.8-3.3
2016-06-10 04:11:23 install libpcre3:amd64 <none> 2:8.38-3.1
2016-06-10 04:11:23 status half-installed libpcre3:amd64 2:8.38-3.1
2016-06-10 04:11:23 status unpacked libpcre3:amd64 2:8.38-3.1
2016-06-10 04:11:24 status unpacked libpcre3:amd64 2:8.38-3.1
2016-06-10 04:11:24 upgrade perl-base:amd64 5.22.2-1 5.22.2-1
2016-06-10 04:11:24 status half-configured perl-base:amd64 5.22.2-1
2016-06-10 04:11:24 status unpacked perl-base:amd64 5.22.2-1
2016-06-10 04:11:24 status half-installed perl-base:amd64 5.22.2-1
2016-06-10 04:11:28 status half-installed perl-base:amd64 5.22.2-1
2016-06-10 04:11:28 status unpacked perl-base:amd64 5.22.2-1
2016-06-10 04:11:28 status unpacked perl-base:amd64 5.22.2-1
2016-06-10 04:11:28 install sed:amd64 <none> 4.2.2-7.1
2016-06-10 04:11:28 status half-installed sed:amd64 4.2.2-7.1
2016-06-10 04:11:29 status unpacked sed:amd64 4.2.2-7.1
2016-06-10 04:11:29 status unpacked sed:amd64 4.2.2-7.1
2016-06-10 04:11:29 install sensible-utils:all <none> 0.0.9
2016-06-10 04:11:29 status half-installed sensible-utils:all 0.0.9
2016-06-10 04:11:29 status unpacked sensible-utils:all 0.0.9
2016-06-10 04:11:29 status unpacked sensible-utils:all 0.0.9
2016-06-10 04:11:30 install login:amd64 <none> 1:4.2-3.1
2016-06-10 04:11:30 status half-installed login:amd64 1:4.2-3.1
2016-06-10 04:11:31 status unpacked login:amd64 1:4.2-3.1
2016-06-10 04:11:31 status unpacked login:amd64 1:4.2-3.1
2016-06-10 04:11:31 install passwd:amd64 <none> 1:4.2-3.1
2016-06-10 04:11:31 status half-installed passwd:amd64 1:4.2-3.1
2016-06-10 04:11:34 status unpacked passwd:amd64 1:4.2-3.1
2016-06-10 04:11:34 status unpacked passwd:amd64 1:4.2-3.1
2016-06-10 04:11:34 install startpar:amd64 <none> 0.59-3
2016-06-10 04:11:34 status half-installed startpar:amd64 0.59-3
2016-06-10 04:11:34 status unpacked startpar:amd64 0.59-3
2016-06-10 04:11:34 status unpacked startpar:amd64 0.59-3
2016-06-10 04:11:34 install libudev1:amd64 <none> 230-2
2016-06-10 04:11:34 status half-installed libudev1:amd64 230-2
2016-06-10 04:11:34 status unpacked libudev1:amd64 230-2
2016-06-10 04:11:34 status unpacked libudev1:amd64 230-2
2016-06-10 04:11:35 install tar:amd64 <none> 1.29-1
2016-06-10 04:11:35 status half-installed tar:amd64 1.29-1
2016-06-10 04:11:35 status unpacked tar:amd64 1.29-1
2016-06-10 04:11:35 status unpacked tar:amd64 1.29-1
2016-06-10 04:11:35 install tzdata:all <none> 2016d-2
2016-06-10 04:11:35 status half-installed tzdata:all 2016d-2
2016-06-10 04:11:42 status unpacked tzdata:all 2016d-2
2016-06-10 04:11:42 status unpacked tzdata:all 2016d-2
2016-06-10 04:11:43 install libustr-1.0-1:amd64 <none> 1.0.4-5
2016-06-10 04:11:43 status half-installed libustr-1.0-1:amd64 1.0.4-5
2016-06-10 04:11:43 status unpacked libustr-1.0-1:amd64 1.0.4-5
2016-06-10 04:11:43 status unpacked libustr-1.0-1:amd64 1.0.4-5
2016-06-10 04:11:43 install liblzma5:amd64 <none> 5.1.1alpha+20120614-2.1
2016-06-10 04:11:43 status half-installed liblzma5:amd64 5.1.1alpha+20120614-2.1
2016-06-10 04:11:43 status unpacked liblzma5:amd64 5.1.1alpha+20120614-2.1
2016-06-10 04:11:43 status unpacked liblzma5:amd64 5.1.1alpha+20120614-2.1
2016-06-10 04:11:43 install zlib1g:amd64 <none> 1:1.2.8.dfsg-2+b1
2016-06-10 04:11:43 status half-installed zlib1g:amd64 1:1.2.8.dfsg-2+b1
2016-06-10 04:11:44 status unpacked zlib1g:amd64 1:1.2.8.dfsg-2+b1
2016-06-10 04:11:44 status unpacked zlib1g:amd64 1:1.2.8.dfsg-2+b1
2016-06-10 04:11:44 startup packages configure
2016-06-10 04:11:44 configure gcc-6-base:amd64 6.1.1-4 <none>
2016-06-10 04:11:44 status unpacked gcc-6-base:amd64 6.1.1-4
2016-06-10 04:11:44 status half-configured gcc-6-base:amd64 6.1.1-4
2016-06-10 04:11:44 status installed gcc-6-base:amd64 6.1.1-4
2016-06-10 04:11:44 configure lsb-base:all 4.1+devuan2 <none>
2016-06-10 04:11:44 status unpacked lsb-base:all 4.1+devuan2
2016-06-10 04:11:44 status half-configured lsb-base:all 4.1+devuan2
2016-06-10 04:11:44 status installed lsb-base:all 4.1+devuan2
2016-06-10 04:11:44 configure sensible-utils:all 0.0.9 <none>
2016-06-10 04:11:44 status unpacked sensible-utils:all 0.0.9
2016-06-10 04:11:44 status half-configured sensible-utils:all 0.0.9
2016-06-10 04:11:44 status installed sensible-utils:all 0.0.9
2016-06-10 04:11:44 configure ncurses-base:all 6.0+20160319-1 <none>
2016-06-10 04:11:44 status unpacked ncurses-base:all 6.0+20160319-1
2016-06-10 04:11:44 status unpacked ncurses-base:all 6.0+20160319-1
2016-06-10 04:11:44 status half-configured ncurses-base:all 6.0+20160319-1
2016-06-10 04:11:45 status installed ncurses-base:all 6.0+20160319-1
2016-06-10 04:11:45 configure libsemanage-common:all 2.5-1 <none>
2016-06-10 04:11:45 status unpacked libsemanage-common:all 2.5-1
2016-06-10 04:11:45 status unpacked libsemanage-common:all 2.5-1
2016-06-10 04:11:45 status half-configured libsemanage-common:all 2.5-1
2016-06-10 04:11:45 status installed libsemanage-common:all 2.5-1
2016-06-10 04:11:45 configure gcc-4.9-base:amd64 4.9.3-14 <none>
2016-06-10 04:11:45 status unpacked gcc-4.9-base:amd64 4.9.3-14
2016-06-10 04:11:45 status half-configured gcc-4.9-base:amd64 4.9.3-14
2016-06-10 04:11:45 status installed gcc-4.9-base:amd64 4.9.3-14
2016-06-10 04:11:45 configure libaudit-common:all 1:2.5.2-1 <none>
2016-06-10 04:11:45 status unpacked libaudit-common:all 1:2.5.2-1
2016-06-10 04:11:45 status unpacked libaudit-common:all 1:2.5.2-1
2016-06-10 04:11:45 status half-configured libaudit-common:all 1:2.5.2-1
2016-06-10 04:11:45 status installed libaudit-common:all 1:2.5.2-1
2016-06-10 04:11:45 configure gcc-5-base:amd64 5.3.1-21 <none>
2016-06-10 04:11:45 status unpacked gcc-5-base:amd64 5.3.1-21
2016-06-10 04:11:45 status half-configured gcc-5-base:amd64 5.3.1-21
2016-06-10 04:11:45 status installed gcc-5-base:amd64 5.3.1-21
2016-06-10 04:11:45 configure libc6:amd64 2.22-9 <none>
2016-06-10 04:11:45 status unpacked libc6:amd64 2.22-9
2016-06-10 04:11:45 status unpacked libc6:amd64 2.22-9
2016-06-10 04:11:46 status half-configured libc6:amd64 2.22-9
2016-06-10 04:11:46 status installed libc6:amd64 2.22-9
2016-06-10 04:11:46 configure startpar:amd64 0.59-3 <none>
2016-06-10 04:11:46 status unpacked startpar:amd64 0.59-3
2016-06-10 04:11:46 status unpacked startpar:amd64 0.59-3
2016-06-10 04:11:46 status half-configured startpar:amd64 0.59-3
2016-06-10 04:11:46 status installed startpar:amd64 0.59-3
2016-06-10 04:11:46 configure libbz2-1.0:amd64 1.0.6-8 <none>
2016-06-10 04:11:46 status unpacked libbz2-1.0:amd64 1.0.6-8
2016-06-10 04:11:46 status half-configured libbz2-1.0:amd64 1.0.6-8
2016-06-10 04:11:46 status installed libbz2-1.0:amd64 1.0.6-8
2016-06-10 04:11:46 configure libc-bin:amd64 2.22-9 <none>
2016-06-10 04:11:46 status unpacked libc-bin:amd64 2.22-9
2016-06-10 04:11:46 status unpacked libc-bin:amd64 2.22-9
2016-06-10 04:11:46 status unpacked libc-bin:amd64 2.22-9
2016-06-10 04:11:46 status unpacked libc-bin:amd64 2.22-9
2016-06-10 04:11:46 status unpacked libc-bin:amd64 2.22-9
2016-06-10 04:11:46 status unpacked libc-bin:amd64 2.22-9
2016-06-10 04:11:46 status half-configured libc-bin:amd64 2.22-9
2016-06-10 04:11:47 status installed libc-bin:amd64 2.22-9
2016-06-10 04:11:47 configure libdebconfclient0:amd64 0.213 <none>
2016-06-10 04:11:47 status triggers-pending libc-bin:amd64 2.22-9
2016-06-10 04:11:47 status unpacked libdebconfclient0:amd64 0.213
2016-06-10 04:11:47 status half-configured libdebconfclient0:amd64 0.213
2016-06-10 04:11:47 status installed libdebconfclient0:amd64 0.213
2016-06-10 04:11:47 configure diffutils:amd64 1:3.3-3 <none>
2016-06-10 04:11:47 status unpacked diffutils:amd64 1:3.3-3
2016-06-10 04:11:47 status half-configured diffutils:amd64 1:3.3-3
2016-06-10 04:11:47 status installed diffutils:amd64 1:3.3-3
2016-06-10 04:11:47 configure insserv:amd64 1.14.0-5.3 <none>
2016-06-10 04:11:47 status unpacked insserv:amd64 1.14.0-5.3
2016-06-10 04:11:47 status unpacked insserv:amd64 1.14.0-5.3
2016-06-10 04:11:47 status half-configured insserv:amd64 1.14.0-5.3
2016-06-10 04:11:47 status installed insserv:amd64 1.14.0-5.3
2016-06-10 04:11:47 configure libcomerr2:amd64 1.43-3 <none>
2016-06-10 04:11:47 status unpacked libcomerr2:amd64 1.43-3
2016-06-10 04:11:47 status half-configured libcomerr2:amd64 1.43-3
2016-06-10 04:11:47 status installed libcomerr2:amd64 1.43-3
2016-06-10 04:11:47 configure libsepol1:amd64 2.5-1 <none>
2016-06-10 04:11:47 status unpacked libsepol1:amd64 2.5-1
2016-06-10 04:11:47 status half-configured libsepol1:amd64 2.5-1
2016-06-10 04:11:48 status installed libsepol1:amd64 2.5-1
2016-06-10 04:11:48 configure libgcc1:amd64 1:6.1.1-4 <none>
2016-06-10 04:11:48 status unpacked libgcc1:amd64 1:6.1.1-4
2016-06-10 04:11:48 status half-configured libgcc1:amd64 1:6.1.1-4
2016-06-10 04:11:48 status installed libgcc1:amd64 1:6.1.1-4
2016-06-10 04:11:48 configure libustr-1.0-1:amd64 1.0.4-5 <none>
2016-06-10 04:11:48 status unpacked libustr-1.0-1:amd64 1.0.4-5
2016-06-10 04:11:48 status half-configured libustr-1.0-1:amd64 1.0.4-5
2016-06-10 04:11:48 status installed libustr-1.0-1:amd64 1.0.4-5
2016-06-10 04:11:48 configure libsmartcols1:amd64 2.28-1+devuan3 <none>
2016-06-10 04:11:48 status unpacked libsmartcols1:amd64 2.28-1+devuan3
2016-06-10 04:11:48 status half-configured libsmartcols1:amd64 2.28-1+devuan3
2016-06-10 04:11:48 status installed libsmartcols1:amd64 2.28-1+devuan3
2016-06-10 04:11:48 configure libaudit1:amd64 1:2.5.2-1 <none>
2016-06-10 04:11:48 status unpacked libaudit1:amd64 1:2.5.2-1
2016-06-10 04:11:48 status half-configured libaudit1:amd64 1:2.5.2-1
2016-06-10 04:11:48 status installed libaudit1:amd64 1:2.5.2-1
2016-06-10 04:11:48 configure libtinfo5:amd64 6.0+20160319-1 <none>
2016-06-10 04:11:48 status unpacked libtinfo5:amd64 6.0+20160319-1
2016-06-10 04:11:48 status half-configured libtinfo5:amd64 6.0+20160319-1
2016-06-10 04:11:48 status installed libtinfo5:amd64 6.0+20160319-1
2016-06-10 04:11:48 configure libudev1:amd64 230-2 <none>
2016-06-10 04:11:48 status unpacked libudev1:amd64 230-2
2016-06-10 04:11:48 status half-configured libudev1:amd64 230-2
2016-06-10 04:11:48 status installed libudev1:amd64 230-2
2016-06-10 04:11:49 configure libss2:amd64 1.43-3 <none>
2016-06-10 04:11:49 status unpacked libss2:amd64 1.43-3
2016-06-10 04:11:49 status half-configured libss2:amd64 1.43-3
2016-06-10 04:11:49 status installed libss2:amd64 1.43-3
2016-06-10 04:11:49 configure liblzma5:amd64 5.1.1alpha+20120614-2.1 <none>
2016-06-10 04:11:49 status unpacked liblzma5:amd64 5.1.1alpha+20120614-2.1
2016-06-10 04:11:49 status half-configured liblzma5:amd64 5.1.1alpha+20120614-2.1
2016-06-10 04:11:49 status installed liblzma5:amd64 5.1.1alpha+20120614-2.1
2016-06-10 04:11:49 configure base-passwd:amd64 3.5.39 <none>
2016-06-10 04:11:49 status unpacked base-passwd:amd64 3.5.39
2016-06-10 04:11:49 status half-configured base-passwd:amd64 3.5.39
2016-06-10 04:11:49 status installed base-passwd:amd64 3.5.39
2016-06-10 04:11:49 configure e2fslibs:amd64 1.43-3 <none>
2016-06-10 04:11:49 status unpacked e2fslibs:amd64 1.43-3
2016-06-10 04:11:49 status half-configured e2fslibs:amd64 1.43-3
2016-06-10 04:11:49 status installed e2fslibs:amd64 1.43-3
2016-06-10 04:11:49 configure debianutils:amd64 4.7 <none>
2016-06-10 04:11:49 status unpacked debianutils:amd64 4.7
2016-06-10 04:11:49 status half-configured debianutils:amd64 4.7
2016-06-10 04:11:49 status installed debianutils:amd64 4.7
2016-06-10 04:11:49 configure libncursesw5:amd64 6.0+20160319-1 <none>
2016-06-10 04:11:49 status unpacked libncursesw5:amd64 6.0+20160319-1
2016-06-10 04:11:49 status half-configured libncursesw5:amd64 6.0+20160319-1
2016-06-10 04:11:50 status installed libncursesw5:amd64 6.0+20160319-1
2016-06-10 04:11:50 configure libdb5.3:amd64 5.3.28-11 <none>
2016-06-10 04:11:50 status unpacked libdb5.3:amd64 5.3.28-11
2016-06-10 04:11:50 status half-configured libdb5.3:amd64 5.3.28-11
2016-06-10 04:11:50 status installed libdb5.3:amd64 5.3.28-11
2016-06-10 04:11:50 configure hostname:amd64 3.17 <none>
2016-06-10 04:11:50 status unpacked hostname:amd64 3.17
2016-06-10 04:11:50 status half-configured hostname:amd64 3.17
2016-06-10 04:11:50 status installed hostname:amd64 3.17
2016-06-10 04:11:50 configure multiarch-support:amd64 2.22-9 <none>
2016-06-10 04:11:50 status unpacked multiarch-support:amd64 2.22-9
2016-06-10 04:11:50 status half-configured multiarch-support:amd64 2.22-9
2016-06-10 04:11:50 status installed multiarch-support:amd64 2.22-9
2016-06-10 04:11:50 configure mawk:amd64 1.3.3-17 <none>
2016-06-10 04:11:50 status unpacked mawk:amd64 1.3.3-17
2016-06-10 04:11:50 status half-configured mawk:amd64 1.3.3-17
2016-06-10 04:11:50 status installed mawk:amd64 1.3.3-17
2016-06-10 04:11:50 configure bsdutils:amd64 1:2.28-1+devuan3 <none>
2016-06-10 04:11:50 status unpacked bsdutils:amd64 1:2.28-1+devuan3
2016-06-10 04:11:50 status half-configured bsdutils:amd64 1:2.28-1+devuan3
2016-06-10 04:11:50 status installed bsdutils:amd64 1:2.28-1+devuan3
2016-06-10 04:11:50 configure libpcre3:amd64 2:8.38-3.1 <none>
2016-06-10 04:11:50 status unpacked libpcre3:amd64 2:8.38-3.1
2016-06-10 04:11:50 status half-configured libpcre3:amd64 2:8.38-3.1
2016-06-10 04:11:50 status installed libpcre3:amd64 2:8.38-3.1
2016-06-10 04:11:51 configure base-files:amd64 9.2+devuan7 <none>
2016-06-10 04:11:51 status unpacked base-files:amd64 9.2+devuan7
2016-06-10 04:11:51 status unpacked base-files:amd64 9.2+devuan7
2016-06-10 04:11:51 status unpacked base-files:amd64 9.2+devuan7
2016-06-10 04:11:51 status unpacked base-files:amd64 9.2+devuan7
2016-06-10 04:11:51 status unpacked base-files:amd64 9.2+devuan7
2016-06-10 04:11:51 status unpacked base-files:amd64 9.2+devuan7
2016-06-10 04:11:51 status half-configured base-files:amd64 9.2+devuan7
2016-06-10 04:11:51 status installed base-files:amd64 9.2+devuan7
2016-06-10 04:11:51 configure libselinux1:amd64 2.5-3 <none>
2016-06-10 04:11:51 status unpacked libselinux1:amd64 2.5-3
2016-06-10 04:11:51 status half-configured libselinux1:amd64 2.5-3
2016-06-10 04:11:51 status installed libselinux1:amd64 2.5-3
2016-06-10 04:11:51 configure findutils:amd64 4.6.0+git+20160126-2 <none>
2016-06-10 04:11:51 status unpacked findutils:amd64 4.6.0+git+20160126-2
2016-06-10 04:11:51 status half-configured findutils:amd64 4.6.0+git+20160126-2
2016-06-10 04:11:51 status installed findutils:amd64 4.6.0+git+20160126-2
2016-06-10 04:11:51 configure ncurses-bin:amd64 6.0+20160319-1 <none>
2016-06-10 04:11:51 status unpacked ncurses-bin:amd64 6.0+20160319-1
2016-06-10 04:11:51 status half-configured ncurses-bin:amd64 6.0+20160319-1
2016-06-10 04:11:51 status installed ncurses-bin:amd64 6.0+20160319-1
2016-06-10 04:11:51 configure libncurses5:amd64 6.0+20160319-1 <none>
2016-06-10 04:11:51 status unpacked libncurses5:amd64 6.0+20160319-1
2016-06-10 04:11:51 status half-configured libncurses5:amd64 6.0+20160319-1
2016-06-10 04:11:51 status installed libncurses5:amd64 6.0+20160319-1
2016-06-10 04:11:52 configure libattr1:amd64 1:2.4.47-2 <none>
2016-06-10 04:11:52 status unpacked libattr1:amd64 1:2.4.47-2
2016-06-10 04:11:52 status half-configured libattr1:amd64 1:2.4.47-2
2016-06-10 04:11:52 status installed libattr1:amd64 1:2.4.47-2
2016-06-10 04:11:52 configure zlib1g:amd64 1:1.2.8.dfsg-2+b1 <none>
2016-06-10 04:11:52 status unpacked zlib1g:amd64 1:1.2.8.dfsg-2+b1
2016-06-10 04:11:52 status half-configured zlib1g:amd64 1:1.2.8.dfsg-2+b1
2016-06-10 04:11:52 status installed zlib1g:amd64 1:1.2.8.dfsg-2+b1
2016-06-10 04:11:52 configure libsemanage1:amd64 2.5-1 <none>
2016-06-10 04:11:52 status unpacked libsemanage1:amd64 2.5-1
2016-06-10 04:11:52 status half-configured libsemanage1:amd64 2.5-1
2016-06-10 04:11:52 status installed libsemanage1:amd64 2.5-1
2016-06-10 04:11:52 configure libacl1:amd64 2.2.52-3 <none>
2016-06-10 04:11:52 status unpacked libacl1:amd64 2.2.52-3
2016-06-10 04:11:52 status half-configured libacl1:amd64 2.2.52-3
2016-06-10 04:11:52 status installed libacl1:amd64 2.2.52-3
2016-06-10 04:11:52 configure coreutils:amd64 8.25-2 <none>
2016-06-10 04:11:52 status unpacked coreutils:amd64 8.25-2
2016-06-10 04:11:52 status half-configured coreutils:amd64 8.25-2
2016-06-10 04:11:52 status installed coreutils:amd64 8.25-2
2016-06-10 04:11:52 configure tar:amd64 1.29-1 <none>
2016-06-10 04:11:52 status unpacked tar:amd64 1.29-1
2016-06-10 04:11:52 status unpacked tar:amd64 1.29-1
2016-06-10 04:11:52 status half-configured tar:amd64 1.29-1
2016-06-10 04:11:53 status installed tar:amd64 1.29-1
2016-06-10 04:11:53 configure dpkg:amd64 1.18.7 <none>
2016-06-10 04:11:53 status unpacked dpkg:amd64 1.18.7
2016-06-10 04:11:53 status unpacked dpkg:amd64 1.18.7
2016-06-10 04:11:53 status unpacked dpkg:amd64 1.18.7
2016-06-10 04:11:53 status unpacked dpkg:amd64 1.18.7
2016-06-10 04:11:53 status unpacked dpkg:amd64 1.18.7
2016-06-10 04:11:53 status half-configured dpkg:amd64 1.18.7
2016-06-10 04:11:53 status installed dpkg:amd64 1.18.7
2016-06-10 04:11:53 configure sed:amd64 4.2.2-7.1 <none>
2016-06-10 04:11:53 status unpacked sed:amd64 4.2.2-7.1
2016-06-10 04:11:53 status half-configured sed:amd64 4.2.2-7.1
2016-06-10 04:11:53 status installed sed:amd64 4.2.2-7.1
2016-06-10 04:11:53 configure perl-base:amd64 5.22.2-1 <none>
2016-06-10 04:11:53 status unpacked perl-base:amd64 5.22.2-1
2016-06-10 04:11:53 status half-configured perl-base:amd64 5.22.2-1
2016-06-10 04:11:53 status installed perl-base:amd64 5.22.2-1
2016-06-10 04:11:53 configure grep:amd64 2.25-3 <none>
2016-06-10 04:11:53 status unpacked grep:amd64 2.25-3
2016-06-10 04:11:53 status half-configured grep:amd64 2.25-3
2016-06-10 04:11:53 status installed grep:amd64 2.25-3
2016-06-10 04:11:53 configure debconf:all 1.5.59 <none>
2016-06-10 04:11:53 status unpacked debconf:all 1.5.59
2016-06-10 04:11:53 status unpacked debconf:all 1.5.59
2016-06-10 04:11:53 status unpacked debconf:all 1.5.59
2016-06-10 04:11:54 status half-configured debconf:all 1.5.59
2016-06-10 04:11:54 status installed debconf:all 1.5.59
2016-06-10 04:11:54 configure tzdata:all 2016d-2 <none>
2016-06-10 04:11:54 status unpacked tzdata:all 2016d-2
2016-06-10 04:11:54 status half-configured tzdata:all 2016d-2
2016-06-10 04:11:54 status installed tzdata:all 2016d-2
2016-06-10 04:11:54 configure gzip:amd64 1.6-5 <none>
2016-06-10 04:11:54 status unpacked gzip:amd64 1.6-5
2016-06-10 04:11:54 status half-configured gzip:amd64 1.6-5
2016-06-10 04:11:54 status installed gzip:amd64 1.6-5
2016-06-10 04:11:54 configure dash:amd64 0.5.8-2.2 <none>
2016-06-10 04:11:54 status unpacked dash:amd64 0.5.8-2.2
2016-06-10 04:11:54 status half-configured dash:amd64 0.5.8-2.2
2016-06-10 04:11:54 status installed dash:amd64 0.5.8-2.2
2016-06-10 04:11:55 configure init-system-helpers:all 1.29+devuan1.0 <none>
2016-06-10 04:11:55 status unpacked init-system-helpers:all 1.29+devuan1.0
2016-06-10 04:11:55 status half-configured init-system-helpers:all 1.29+devuan1.0
2016-06-10 04:11:55 status installed init-system-helpers:all 1.29+devuan1.0
2016-06-10 04:11:55 configure sysvinit-utils:amd64 2.88dsf-59.3+devuan2 <none>
2016-06-10 04:11:55 status unpacked sysvinit-utils:amd64 2.88dsf-59.3+devuan2
2016-06-10 04:11:55 status half-configured sysvinit-utils:amd64 2.88dsf-59.3+devuan2
2016-06-10 04:11:55 status installed sysvinit-utils:amd64 2.88dsf-59.3+devuan2
2016-06-10 04:11:55 configure sysv-rc:all 2.88dsf-59.3+devuan2 <none>
2016-06-10 04:11:55 status unpacked sysv-rc:all 2.88dsf-59.3+devuan2
2016-06-10 04:11:55 status half-configured sysv-rc:all 2.88dsf-59.3+devuan2
2016-06-10 04:11:55 status installed sysv-rc:all 2.88dsf-59.3+devuan2
2016-06-10 04:11:55 configure libpam0g:amd64 1.1.8-3.3 <none>
2016-06-10 04:11:55 status unpacked libpam0g:amd64 1.1.8-3.3
2016-06-10 04:11:55 status half-configured libpam0g:amd64 1.1.8-3.3
2016-06-10 04:11:55 status installed libpam0g:amd64 1.1.8-3.3
2016-06-10 04:11:55 configure libpam-modules-bin:amd64 1.1.8-3.3 <none>
2016-06-10 04:11:55 status unpacked libpam-modules-bin:amd64 1.1.8-3.3
2016-06-10 04:11:55 status half-configured libpam-modules-bin:amd64 1.1.8-3.3
2016-06-10 04:11:55 status installed libpam-modules-bin:amd64 1.1.8-3.3
2016-06-10 04:11:55 configure bash:amd64 4.3-14+b1 <none>
2016-06-10 04:11:55 status unpacked bash:amd64 4.3-14+b1
2016-06-10 04:11:56 status unpacked bash:amd64 4.3-14+b1
2016-06-10 04:11:56 status unpacked bash:amd64 4.3-14+b1
2016-06-10 04:11:56 status unpacked bash:amd64 4.3-14+b1
2016-06-10 04:11:56 status unpacked bash:amd64 4.3-14+b1
2016-06-10 04:11:56 status half-configured bash:amd64 4.3-14+b1
2016-06-10 04:11:56 status installed bash:amd64 4.3-14+b1
2016-06-10 04:11:56 configure libpam-modules:amd64 1.1.8-3.3 <none>
2016-06-10 04:11:56 status unpacked libpam-modules:amd64 1.1.8-3.3
2016-06-10 04:11:56 status unpacked libpam-modules:amd64 1.1.8-3.3
2016-06-10 04:11:56 status unpacked libpam-modules:amd64 1.1.8-3.3
2016-06-10 04:11:56 status unpacked libpam-modules:amd64 1.1.8-3.3
2016-06-10 04:11:56 status unpacked libpam-modules:amd64 1.1.8-3.3
2016-06-10 04:11:56 status unpacked libpam-modules:amd64 1.1.8-3.3
2016-06-10 04:11:56 status unpacked libpam-modules:amd64 1.1.8-3.3
2016-06-10 04:11:56 status unpacked libpam-modules:amd64 1.1.8-3.3
2016-06-10 04:11:56 status unpacked libpam-modules:amd64 1.1.8-3.3
2016-06-10 04:11:56 status half-configured libpam-modules:amd64 1.1.8-3.3
2016-06-10 04:11:56 status installed libpam-modules:amd64 1.1.8-3.3
2016-06-10 04:11:56 configure libpam-runtime:all 1.1.8-3.3 <none>
2016-06-10 04:11:56 status unpacked libpam-runtime:all 1.1.8-3.3
2016-06-10 04:11:56 status unpacked libpam-runtime:all 1.1.8-3.3
2016-06-10 04:11:57 status unpacked libpam-runtime:all 1.1.8-3.3
2016-06-10 04:11:57 status half-configured libpam-runtime:all 1.1.8-3.3
2016-06-10 04:11:57 status installed libpam-runtime:all 1.1.8-3.3
2016-06-10 04:11:57 configure passwd:amd64 1:4.2-3.1 <none>
2016-06-10 04:11:57 status unpacked passwd:amd64 1:4.2-3.1
2016-06-10 04:11:57 status unpacked passwd:amd64 1:4.2-3.1
2016-06-10 04:11:57 status unpacked passwd:amd64 1:4.2-3.1
2016-06-10 04:11:57 status unpacked passwd:amd64 1:4.2-3.1
2016-06-10 04:11:57 status unpacked passwd:amd64 1:4.2-3.1
2016-06-10 04:11:57 status unpacked passwd:amd64 1:4.2-3.1
2016-06-10 04:11:57 status unpacked passwd:amd64 1:4.2-3.1
2016-06-10 04:11:57 status unpacked passwd:amd64 1:4.2-3.1
2016-06-10 04:11:57 status half-configured passwd:amd64 1:4.2-3.1
2016-06-10 04:11:57 status installed passwd:amd64 1:4.2-3.1
2016-06-10 04:11:58 configure login:amd64 1:4.2-3.1 <none>
2016-06-10 04:11:58 status unpacked login:amd64 1:4.2-3.1
2016-06-10 04:11:58 status unpacked login:amd64 1:4.2-3.1
2016-06-10 04:11:58 status unpacked login:amd64 1:4.2-3.1
2016-06-10 04:11:58 status unpacked login:amd64 1:4.2-3.1
2016-06-10 04:11:58 status unpacked login:amd64 1:4.2-3.1
2016-06-10 04:11:58 status half-configured login:amd64 1:4.2-3.1
2016-06-10 04:11:58 status installed login:amd64 1:4.2-3.1
2016-06-10 04:11:58 configure libuuid1:amd64 2.28-1+devuan3 <none>
2016-06-10 04:11:58 status unpacked libuuid1:amd64 2.28-1+devuan3
2016-06-10 04:11:58 status half-configured libuuid1:amd64 2.28-1+devuan3
2016-06-10 04:11:58 status installed libuuid1:amd64 2.28-1+devuan3
2016-06-10 04:11:58 configure libblkid1:amd64 2.28-1+devuan3 <none>
2016-06-10 04:11:58 status unpacked libblkid1:amd64 2.28-1+devuan3
2016-06-10 04:11:58 status half-configured libblkid1:amd64 2.28-1+devuan3
2016-06-10 04:11:58 status installed libblkid1:amd64 2.28-1+devuan3
2016-06-10 04:11:58 configure libmount1:amd64 2.28-1+devuan3 <none>
2016-06-10 04:11:58 status unpacked libmount1:amd64 2.28-1+devuan3
2016-06-10 04:11:58 status half-configured libmount1:amd64 2.28-1+devuan3
2016-06-10 04:11:58 status installed libmount1:amd64 2.28-1+devuan3
2016-06-10 04:11:58 configure mount:amd64 2.28-1+devuan3 <none>
2016-06-10 04:11:58 status unpacked mount:amd64 2.28-1+devuan3
2016-06-10 04:11:59 status half-configured mount:amd64 2.28-1+devuan3
2016-06-10 04:11:59 status installed mount:amd64 2.28-1+devuan3
2016-06-10 04:11:59 configure libfdisk1:amd64 2.28-1+devuan3 <none>
2016-06-10 04:11:59 status unpacked libfdisk1:amd64 2.28-1+devuan3
2016-06-10 04:11:59 status half-configured libfdisk1:amd64 2.28-1+devuan3
2016-06-10 04:11:59 status installed libfdisk1:amd64 2.28-1+devuan3
2016-06-10 04:11:59 configure initscripts:amd64 2.88dsf-59.3+devuan2 <none>
2016-06-10 04:11:59 status unpacked initscripts:amd64 2.88dsf-59.3+devuan2
2016-06-10 04:11:59 status unpacked initscripts:amd64 2.88dsf-59.3+devuan2
2016-06-10 04:11:59 status unpacked initscripts:amd64 2.88dsf-59.3+devuan2
2016-06-10 04:11:59 status unpacked initscripts:amd64 2.88dsf-59.3+devuan2
2016-06-10 04:11:59 status unpacked initscripts:amd64 2.88dsf-59.3+devuan2
2016-06-10 04:11:59 status unpacked initscripts:amd64 2.88dsf-59.3+devuan2
2016-06-10 04:12:01 status unpacked initscripts:amd64 2.88dsf-59.3+devuan2
2016-06-10 04:12:01 status unpacked initscripts:amd64 2.88dsf-59.3+devuan2
2016-06-10 04:12:01 status unpacked initscripts:amd64 2.88dsf-59.3+devuan2
2016-06-10 04:12:01 status unpacked initscripts:amd64 2.88dsf-59.3+devuan2
2016-06-10 04:12:01 status unpacked initscripts:amd64 2.88dsf-59.3+devuan2
2016-06-10 04:12:01 status unpacked initscripts:amd64 2.88dsf-59.3+devuan2
2016-06-10 04:12:01 status unpacked initscripts:amd64 2.88dsf-59.3+devuan2
2016-06-10 04:12:01 status unpacked initscripts:amd64 2.88dsf-59.3+devuan2
2016-06-10 04:12:01 status unpacked initscripts:amd64 2.88dsf-59.3+devuan2
2016-06-10 04:12:01 status unpacked initscripts:amd64 2.88dsf-59.3+devuan2
2016-06-10 04:12:01 status unpacked initscripts:amd64 2.88dsf-59.3+devuan2
2016-06-10 04:12:01 status unpacked initscripts:amd64 2.88dsf-59.3+devuan2
2016-06-10 04:12:01 status unpacked initscripts:amd64 2.88dsf-59.3+devuan2
2016-06-10 04:12:01 status unpacked initscripts:amd64 2.88dsf-59.3+devuan2
2016-06-10 04:12:01 status unpacked initscripts:amd64 2.88dsf-59.3+devuan2
2016-06-10 04:12:01 status unpacked initscripts:amd64 2.88dsf-59.3+devuan2
2016-06-10 04:12:01 status unpacked initscripts:amd64 2.88dsf-59.3+devuan2
2016-06-10 04:12:01 status unpacked initscripts:amd64 2.88dsf-59.3+devuan2
2016-06-10 04:12:02 status unpacked initscripts:amd64 2.88dsf-59.3+devuan2
2016-06-10 04:12:02 status unpacked initscripts:amd64 2.88dsf-59.3+devuan2
2016-06-10 04:12:02 status unpacked initscripts:amd64 2.88dsf-59.3+devuan2
2016-06-10 04:12:02 status unpacked initscripts:amd64 2.88dsf-59.3+devuan2
2016-06-10 04:12:02 status unpacked initscripts:amd64 2.88dsf-59.3+devuan2
2016-06-10 04:12:02 status unpacked initscripts:amd64 2.88dsf-59.3+devuan2
2016-06-10 04:12:02 status half-configured initscripts:amd64 2.88dsf-59.3+devuan2
2016-06-10 04:12:02 status installed initscripts:amd64 2.88dsf-59.3+devuan2
2016-06-10 04:12:02 configure util-linux:amd64 2.28-1+devuan3 <none>
2016-06-10 04:12:02 status unpacked util-linux:amd64 2.28-1+devuan3
2016-06-10 04:12:02 status unpacked util-linux:amd64 2.28-1+devuan3
2016-06-10 04:12:02 status unpacked util-linux:amd64 2.28-1+devuan3
2016-06-10 04:12:02 status unpacked util-linux:amd64 2.28-1+devuan3
2016-06-10 04:12:02 status unpacked util-linux:amd64 2.28-1+devuan3
2016-06-10 04:12:02 status half-configured util-linux:amd64 2.28-1+devuan3
2016-06-10 04:12:03 status installed util-linux:amd64 2.28-1+devuan3
2016-06-10 04:12:03 configure e2fsprogs:amd64 1.43-3 <none>
2016-06-10 04:12:03 status unpacked e2fsprogs:amd64 1.43-3
2016-06-10 04:12:03 status unpacked e2fsprogs:amd64 1.43-3
2016-06-10 04:12:03 status half-configured e2fsprogs:amd64 1.43-3
2016-06-10 04:12:03 status installed e2fsprogs:amd64 1.43-3
2016-06-10 04:12:03 configure sysvinit-core:amd64 2.88dsf-59.3+devuan2 <none>
2016-06-10 04:12:03 status unpacked sysvinit-core:amd64 2.88dsf-59.3+devuan2
2016-06-10 04:12:03 status half-configured sysvinit-core:amd64 2.88dsf-59.3+devuan2
2016-06-10 04:12:03 status installed sysvinit-core:amd64 2.88dsf-59.3+devuan2
2016-06-10 04:12:03 configure init:amd64 1.29+devuan1.0 <none>
2016-06-10 04:12:03 status unpacked init:amd64 1.29+devuan1.0
2016-06-10 04:12:03 status half-configured init:amd64 1.29+devuan1.0
2016-06-10 04:12:03 status installed init:amd64 1.29+devuan1.0
2016-06-10 04:12:03 trigproc libc-bin:amd64 2.22-9 <none>
2016-06-10 04:12:03 status half-configured libc-bin:amd64 2.22-9
2016-06-10 04:12:03 status installed libc-bin:amd64 2.22-9
2016-06-10 04:12:08 startup archives install
2016-06-10 04:12:08 install libgcrypt20:amd64 <none> 1.7.0-2
2016-06-10 04:12:08 status triggers-pending libc-bin:amd64 2.22-9
2016-06-10 04:12:08 status half-installed libgcrypt20:amd64 1.7.0-2
2016-06-10 04:12:08 status unpacked libgcrypt20:amd64 1.7.0-2
2016-06-10 04:12:08 status unpacked libgcrypt20:amd64 1.7.0-2
2016-06-10 04:12:08 install libgpg-error0:amd64 <none> 1.22-2
2016-06-10 04:12:08 status half-installed libgpg-error0:amd64 1.22-2
2016-06-10 04:12:09 status unpacked libgpg-error0:amd64 1.22-2
2016-06-10 04:12:09 status unpacked libgpg-error0:amd64 1.22-2
2016-06-10 04:12:09 configure libgpg-error0:amd64 1.22-2 1.22-2
2016-06-10 04:12:09 status unpacked libgpg-error0:amd64 1.22-2
2016-06-10 04:12:09 status half-configured libgpg-error0:amd64 1.22-2
2016-06-10 04:12:09 status installed libgpg-error0:amd64 1.22-2
2016-06-10 04:12:09 configure libgcrypt20:amd64 1.7.0-2 1.7.0-2
2016-06-10 04:12:09 status unpacked libgcrypt20:amd64 1.7.0-2
2016-06-10 04:12:09 status half-configured libgcrypt20:amd64 1.7.0-2
2016-06-10 04:12:09 status installed libgcrypt20:amd64 1.7.0-2
2016-06-10 04:12:09 trigproc libc-bin:amd64 2.22-9 <none>
2016-06-10 04:12:09 status half-configured libc-bin:amd64 2.22-9
2016-06-10 04:12:09 status installed libc-bin:amd64 2.22-9
2016-06-10 04:12:09 startup archives unpack
2016-06-10 04:12:10 install libprocps4:amd64 <none> 2:3.3.10-4+devuan1.0
2016-06-10 04:12:10 status triggers-pending libc-bin:amd64 2.22-9
2016-06-10 04:12:10 status half-installed libprocps4:amd64 2:3.3.10-4+devuan1.0
2016-06-10 04:12:10 status unpacked libprocps4:amd64 2:3.3.10-4+devuan1.0
2016-06-10 04:12:10 status unpacked libprocps4:amd64 2:3.3.10-4+devuan1.0
2016-06-10 04:12:10 install procps:amd64 <none> 2:3.3.10-4+devuan1.0
2016-06-10 04:12:10 status half-installed procps:amd64 2:3.3.10-4+devuan1.0
2016-06-10 04:12:11 status unpacked procps:amd64 2:3.3.10-4+devuan1.0
2016-06-10 04:12:11 status unpacked procps:amd64 2:3.3.10-4+devuan1.0
2016-06-10 04:12:11 install rsyslog:amd64 <none> 8.14.0-2+devuan1.0
2016-06-10 04:12:11 status half-installed rsyslog:amd64 8.14.0-2+devuan1.0
2016-06-10 04:12:12 status unpacked rsyslog:amd64 8.14.0-2+devuan1.0
2016-06-10 04:12:12 status unpacked rsyslog:amd64 8.14.0-2+devuan1.0
2016-06-10 04:12:12 install sysvinit:amd64 <none> 2.88dsf-59.3+devuan2
2016-06-10 04:12:12 status half-installed sysvinit:amd64 2.88dsf-59.3+devuan2
2016-06-10 04:12:12 status unpacked sysvinit:amd64 2.88dsf-59.3+devuan2
2016-06-10 04:12:12 status unpacked sysvinit:amd64 2.88dsf-59.3+devuan2
2016-06-10 04:12:12 install tasksel:all <none> 3.33+devuan0.3
2016-06-10 04:12:12 status half-installed tasksel:all 3.33+devuan0.3
2016-06-10 04:12:13 status unpacked tasksel:all 3.33+devuan0.3
2016-06-10 04:12:13 status unpacked tasksel:all 3.33+devuan0.3
2016-06-10 04:12:13 install tasksel-data:all <none> 3.33+devuan0.3
2016-06-10 04:12:13 status half-installed tasksel-data:all 3.33+devuan0.3
2016-06-10 04:12:14 status unpacked tasksel-data:all 3.33+devuan0.3
2016-06-10 04:12:14 status unpacked tasksel-data:all 3.33+devuan0.3
2016-06-10 04:12:14 install adduser:all <none> 3.114
2016-06-10 04:12:14 status half-installed adduser:all 3.114
2016-06-10 04:12:15 status unpacked adduser:all 3.114
2016-06-10 04:12:15 status unpacked adduser:all 3.114
2016-06-10 04:12:15 install apt:amd64 <none> 1.2.12
2016-06-10 04:12:15 status half-installed apt:amd64 1.2.12
2016-06-10 04:12:17 status unpacked apt:amd64 1.2.12
2016-06-10 04:12:17 status unpacked apt:amd64 1.2.12
2016-06-10 04:12:17 install apt-utils:amd64 <none> 1.2.12
2016-06-10 04:12:17 status half-installed apt-utils:amd64 1.2.12
2016-06-10 04:12:18 status unpacked apt-utils:amd64 1.2.12
2016-06-10 04:12:18 status unpacked apt-utils:amd64 1.2.12
2016-06-10 04:12:18 install libapt-inst2.0:amd64 <none> 1.2.12
2016-06-10 04:12:18 status half-installed libapt-inst2.0:amd64 1.2.12
2016-06-10 04:12:18 status unpacked libapt-inst2.0:amd64 1.2.12
2016-06-10 04:12:18 status unpacked libapt-inst2.0:amd64 1.2.12
2016-06-10 04:12:19 install libapt-pkg5.0:amd64 <none> 1.2.12
2016-06-10 04:12:19 status half-installed libapt-pkg5.0:amd64 1.2.12
2016-06-10 04:12:19 status unpacked libapt-pkg5.0:amd64 1.2.12
2016-06-10 04:12:19 status unpacked libapt-pkg5.0:amd64 1.2.12
2016-06-10 04:12:19 install libdns-export162:amd64 <none> 1:9.10.3.dfsg.P4-10
2016-06-10 04:12:19 status half-installed libdns-export162:amd64 1:9.10.3.dfsg.P4-10
2016-06-10 04:12:20 status unpacked libdns-export162:amd64 1:9.10.3.dfsg.P4-10
2016-06-10 04:12:20 status unpacked libdns-export162:amd64 1:9.10.3.dfsg.P4-10
2016-06-10 04:12:20 install libisc-export160:amd64 <none> 1:9.10.3.dfsg.P4-10
2016-06-10 04:12:20 status half-installed libisc-export160:amd64 1:9.10.3.dfsg.P4-10
2016-06-10 04:12:20 status unpacked libisc-export160:amd64 1:9.10.3.dfsg.P4-10
2016-06-10 04:12:20 status unpacked libisc-export160:amd64 1:9.10.3.dfsg.P4-10
2016-06-10 04:12:20 install blends-tasks:all <none> 0.6.93
2016-06-10 04:12:20 status half-installed blends-tasks:all 0.6.93
2016-06-10 04:12:21 status unpacked blends-tasks:all 0.6.93
2016-06-10 04:12:21 status unpacked blends-tasks:all 0.6.93
2016-06-10 04:12:21 install libboost-iostreams1.58.0:amd64 <none> 1.58.0+dfsg-5+b1
2016-06-10 04:12:21 status half-installed libboost-iostreams1.58.0:amd64 1.58.0+dfsg-5+b1
2016-06-10 04:12:21 status unpacked libboost-iostreams1.58.0:amd64 1.58.0+dfsg-5+b1
2016-06-10 04:12:21 status unpacked libboost-iostreams1.58.0:amd64 1.58.0+dfsg-5+b1
2016-06-10 04:12:21 install libboost-iostreams1.60.0:amd64 <none> 1.60.0+dfsg-6
2016-06-10 04:12:21 status half-installed libboost-iostreams1.60.0:amd64 1.60.0+dfsg-6
2016-06-10 04:12:21 status unpacked libboost-iostreams1.60.0:amd64 1.60.0+dfsg-6
2016-06-10 04:12:21 status unpacked libboost-iostreams1.60.0:amd64 1.60.0+dfsg-6
2016-06-10 04:12:22 install bsdmainutils:amd64 <none> 9.0.10
2016-06-10 04:12:22 status half-installed bsdmainutils:amd64 9.0.10
2016-06-10 04:12:23 status unpacked bsdmainutils:amd64 9.0.10
2016-06-10 04:12:23 status unpacked bsdmainutils:amd64 9.0.10
2016-06-10 04:12:23 install cpio:amd64 <none> 2.11+dfsg-5
2016-06-10 04:12:23 status half-installed cpio:amd64 2.11+dfsg-5
2016-06-10 04:12:23 status unpacked cpio:amd64 2.11+dfsg-5
2016-06-10 04:12:23 status unpacked cpio:amd64 2.11+dfsg-5
2016-06-10 04:12:24 install cron:amd64 <none> 3.0pl1-128
2016-06-10 04:12:24 status half-installed cron:amd64 3.0pl1-128
2016-06-10 04:12:24 status unpacked cron:amd64 3.0pl1-128
2016-06-10 04:12:24 status unpacked cron:amd64 3.0pl1-128
2016-06-10 04:12:24 install debconf-i18n:all <none> 1.5.59
2016-06-10 04:12:24 status half-installed debconf-i18n:all 1.5.59
2016-06-10 04:12:25 status unpacked debconf-i18n:all 1.5.59
2016-06-10 04:12:25 status unpacked debconf-i18n:all 1.5.59
2016-06-10 04:12:25 install debian-archive-keyring:all <none> 2014.3
2016-06-10 04:12:25 status half-installed debian-archive-keyring:all 2014.3
2016-06-10 04:12:25 status unpacked debian-archive-keyring:all 2014.3
2016-06-10 04:12:26 status unpacked debian-archive-keyring:all 2014.3
2016-06-10 04:12:26 install dmidecode:amd64 <none> 3.0-3
2016-06-10 04:12:26 status half-installed dmidecode:amd64 3.0-3
2016-06-10 04:12:26 status unpacked dmidecode:amd64 3.0-3
2016-06-10 04:12:26 status unpacked dmidecode:amd64 3.0-3
2016-06-10 04:12:26 install libstdc++6:amd64 <none> 6.1.1-4
2016-06-10 04:12:26 status half-installed libstdc++6:amd64 6.1.1-4
2016-06-10 04:12:27 status unpacked libstdc++6:amd64 6.1.1-4
2016-06-10 04:12:27 status unpacked libstdc++6:amd64 6.1.1-4
2016-06-10 04:12:27 install libgdbm3:amd64 <none> 1.8.3-13.1
2016-06-10 04:12:27 status half-installed libgdbm3:amd64 1.8.3-13.1
2016-06-10 04:12:27 status unpacked libgdbm3:amd64 1.8.3-13.1
2016-06-10 04:12:27 status unpacked libgdbm3:amd64 1.8.3-13.1
2016-06-10 04:12:27 install libgmp10:amd64 <none> 2:6.1.0+dfsg-2
2016-06-10 04:12:27 status half-installed libgmp10:amd64 2:6.1.0+dfsg-2
2016-06-10 04:12:27 status unpacked libgmp10:amd64 2:6.1.0+dfsg-2
2016-06-10 04:12:27 status unpacked libgmp10:amd64 2:6.1.0+dfsg-2
2016-06-10 04:12:28 install gnupg:amd64 <none> 1.4.20-6
2016-06-10 04:12:28 status half-installed gnupg:amd64 1.4.20-6
2016-06-10 04:12:28 status unpacked gnupg:amd64 1.4.20-6
2016-06-10 04:12:28 status unpacked gnupg:amd64 1.4.20-6
2016-06-10 04:12:28 install gpgv:amd64 <none> 1.4.20-6
2016-06-10 04:12:28 status half-installed gpgv:amd64 1.4.20-6
2016-06-10 04:12:28 status unpacked gpgv:amd64 1.4.20-6
2016-06-10 04:12:29 status unpacked gpgv:amd64 1.4.20-6
2016-06-10 04:12:29 install libgnutls30:amd64 <none> 3.4.13-1
2016-06-10 04:12:29 status half-installed libgnutls30:amd64 3.4.13-1
2016-06-10 04:12:29 status unpacked libgnutls30:amd64 3.4.13-1
2016-06-10 04:12:29 status unpacked libgnutls30:amd64 3.4.13-1
2016-06-10 04:12:29 install libicu55:amd64 <none> 55.1-7
2016-06-10 04:12:29 status half-installed libicu55:amd64 55.1-7
2016-06-10 04:12:30 status unpacked libicu55:amd64 55.1-7
2016-06-10 04:12:30 status unpacked libicu55:amd64 55.1-7
2016-06-10 04:12:31 install ifupdown:amd64 <none> 0.8.12
2016-06-10 04:12:31 status half-installed ifupdown:amd64 0.8.12
2016-06-10 04:12:31 status unpacked ifupdown:amd64 0.8.12
2016-06-10 04:12:31 status unpacked ifupdown:amd64 0.8.12
2016-06-10 04:12:31 install iproute2:amd64 <none> 4.3.0-1+b1
2016-06-10 04:12:31 status half-installed iproute2:amd64 4.3.0-1+b1
2016-06-10 04:12:32 status unpacked iproute2:amd64 4.3.0-1+b1
2016-06-10 04:12:32 status unpacked iproute2:amd64 4.3.0-1+b1
2016-06-10 04:12:32 install iptables:amd64 <none> 1.6.0-2
2016-06-10 04:12:32 status half-installed iptables:amd64 1.6.0-2
2016-06-10 04:12:34 status unpacked iptables:amd64 1.6.0-2
2016-06-10 04:12:34 status unpacked iptables:amd64 1.6.0-2
2016-06-10 04:12:34 install libxtables11:amd64 <none> 1.6.0-2
2016-06-10 04:12:34 status half-installed libxtables11:amd64 1.6.0-2
2016-06-10 04:12:34 status unpacked libxtables11:amd64 1.6.0-2
2016-06-10 04:12:34 status unpacked libxtables11:amd64 1.6.0-2
2016-06-10 04:12:34 install iputils-ping:amd64 <none> 3:20150815-2
2016-06-10 04:12:34 status half-installed iputils-ping:amd64 3:20150815-2
2016-06-10 04:12:34 status unpacked iputils-ping:amd64 3:20150815-2
2016-06-10 04:12:34 status unpacked iputils-ping:amd64 3:20150815-2
2016-06-10 04:12:35 install isc-dhcp-client:amd64 <none> 4.3.4-1
2016-06-10 04:12:35 status half-installed isc-dhcp-client:amd64 4.3.4-1
2016-06-10 04:12:35 status unpacked isc-dhcp-client:amd64 4.3.4-1
2016-06-10 04:12:35 status unpacked isc-dhcp-client:amd64 4.3.4-1
2016-06-10 04:12:35 install isc-dhcp-common:amd64 <none> 4.3.4-1
2016-06-10 04:12:35 status half-installed isc-dhcp-common:amd64 4.3.4-1
2016-06-10 04:12:35 status unpacked isc-dhcp-common:amd64 4.3.4-1
2016-06-10 04:12:35 status unpacked isc-dhcp-common:amd64 4.3.4-1
2016-06-10 04:12:36 install libjson-c2:amd64 <none> 0.11-4
2016-06-10 04:12:36 status half-installed libjson-c2:amd64 0.11-4
2016-06-10 04:12:36 status unpacked libjson-c2:amd64 0.11-4
2016-06-10 04:12:36 status unpacked libjson-c2:amd64 0.11-4
2016-06-10 04:12:36 install libjson-c3:amd64 <none> 0.12-3
2016-06-10 04:12:36 status half-installed libjson-c3:amd64 0.12-3
2016-06-10 04:12:36 status unpacked libjson-c3:amd64 0.12-3
2016-06-10 04:12:36 status unpacked libjson-c3:amd64 0.12-3
2016-06-10 04:12:36 install kmod:amd64 <none> 22-1.1
2016-06-10 04:12:36 status half-installed kmod:amd64 22-1.1
2016-06-10 04:12:37 status unpacked kmod:amd64 22-1.1
2016-06-10 04:12:37 status unpacked kmod:amd64 22-1.1
2016-06-10 04:12:37 install libkmod2:amd64 <none> 22-1.1
2016-06-10 04:12:37 status half-installed libkmod2:amd64 22-1.1
2016-06-10 04:12:37 status unpacked libkmod2:amd64 22-1.1
2016-06-10 04:12:37 status unpacked libkmod2:amd64 22-1.1
2016-06-10 04:12:37 install libbsd0:amd64 <none> 0.8.3-1
2016-06-10 04:12:37 status half-installed libbsd0:amd64 0.8.3-1
2016-06-10 04:12:38 status unpacked libbsd0:amd64 0.8.3-1
2016-06-10 04:12:38 status unpacked libbsd0:amd64 0.8.3-1
2016-06-10 04:12:38 install libcap2:amd64 <none> 1:2.25-1
2016-06-10 04:12:38 status half-installed libcap2:amd64 1:2.25-1
2016-06-10 04:12:38 status unpacked libcap2:amd64 1:2.25-1
2016-06-10 04:12:38 status unpacked libcap2:amd64 1:2.25-1
2016-06-10 04:12:38 install libestr0:amd64 <none> 0.1.10-2
2016-06-10 04:12:38 status half-installed libestr0:amd64 0.1.10-2
2016-06-10 04:12:38 status unpacked libestr0:amd64 0.1.10-2
2016-06-10 04:12:39 status unpacked libestr0:amd64 0.1.10-2
2016-06-10 04:12:39 install libffi6:amd64 <none> 3.2.1-4
2016-06-10 04:12:39 status half-installed libffi6:amd64 3.2.1-4
2016-06-10 04:12:39 status unpacked libffi6:amd64 3.2.1-4
2016-06-10 04:12:39 status unpacked libffi6:amd64 3.2.1-4
2016-06-10 04:12:39 install libidn11:amd64 <none> 1.32-3
2016-06-10 04:12:39 status half-installed libidn11:amd64 1.32-3
2016-06-10 04:12:39 status unpacked libidn11:amd64 1.32-3
2016-06-10 04:12:39 status unpacked libidn11:amd64 1.32-3
2016-06-10 04:12:40 install liblocale-gettext-perl:amd64 <none> 1.07-2
2016-06-10 04:12:40 status half-installed liblocale-gettext-perl:amd64 1.07-2
2016-06-10 04:12:40 status unpacked liblocale-gettext-perl:amd64 1.07-2
2016-06-10 04:12:40 status unpacked liblocale-gettext-perl:amd64 1.07-2
2016-06-10 04:12:40 install liblogging-stdlog0:amd64 <none> 1.0.5-2
2016-06-10 04:12:40 status half-installed liblogging-stdlog0:amd64 1.0.5-2
2016-06-10 04:12:40 status unpacked liblogging-stdlog0:amd64 1.0.5-2
2016-06-10 04:12:40 status unpacked liblogging-stdlog0:amd64 1.0.5-2
2016-06-10 04:12:41 install liblognorm2:amd64 <none> 1.1.2-1.1+b2
2016-06-10 04:12:41 status half-installed liblognorm2:amd64 1.1.2-1.1+b2
2016-06-10 04:12:41 status unpacked liblognorm2:amd64 1.1.2-1.1+b2
2016-06-10 04:12:41 status unpacked liblognorm2:amd64 1.1.2-1.1+b2
2016-06-10 04:12:41 install libnfnetlink0:amd64 <none> 1.0.1-3
2016-06-10 04:12:41 status half-installed libnfnetlink0:amd64 1.0.1-3
2016-06-10 04:12:41 status unpacked libnfnetlink0:amd64 1.0.1-3
2016-06-10 04:12:41 status unpacked libnfnetlink0:amd64 1.0.1-3
2016-06-10 04:12:41 install libpipeline1:amd64 <none> 1.4.1-2
2016-06-10 04:12:41 status half-installed libpipeline1:amd64 1.4.1-2
2016-06-10 04:12:42 status unpacked libpipeline1:amd64 1.4.1-2
2016-06-10 04:12:42 status unpacked libpipeline1:amd64 1.4.1-2
2016-06-10 04:12:42 install libpsl0:amd64 <none> 0.11.0-2
2016-06-10 04:12:42 status half-installed libpsl0:amd64 0.11.0-2
2016-06-10 04:12:42 status unpacked libpsl0:amd64 0.11.0-2
2016-06-10 04:12:42 status unpacked libpsl0:amd64 0.11.0-2
2016-06-10 04:12:42 install libtasn1-6:amd64 <none> 4.8-1
2016-06-10 04:12:42 status half-installed libtasn1-6:amd64 4.8-1
2016-06-10 04:12:42 status unpacked libtasn1-6:amd64 4.8-1
2016-06-10 04:12:42 status unpacked libtasn1-6:amd64 4.8-1
2016-06-10 04:12:43 install libtext-charwidth-perl:amd64 <none> 0.04-7+b4
2016-06-10 04:12:43 status half-installed libtext-charwidth-perl:amd64 0.04-7+b4
2016-06-10 04:12:43 status unpacked libtext-charwidth-perl:amd64 0.04-7+b4
2016-06-10 04:12:43 status unpacked libtext-charwidth-perl:amd64 0.04-7+b4
2016-06-10 04:12:43 install libtext-iconv-perl:amd64 <none> 1.7-5+b3
2016-06-10 04:12:43 status half-installed libtext-iconv-perl:amd64 1.7-5+b3
2016-06-10 04:12:43 status unpacked libtext-iconv-perl:amd64 1.7-5+b3
2016-06-10 04:12:43 status unpacked libtext-iconv-perl:amd64 1.7-5+b3
2016-06-10 04:12:43 install libtext-wrapi18n-perl:all <none> 0.06-7.1
2016-06-10 04:12:43 status half-installed libtext-wrapi18n-perl:all 0.06-7.1
2016-06-10 04:12:44 status unpacked libtext-wrapi18n-perl:all 0.06-7.1
2016-06-10 04:12:44 status unpacked libtext-wrapi18n-perl:all 0.06-7.1
2016-06-10 04:12:44 install libusb-0.1-4:amd64 <none> 2:0.1.12-30
2016-06-10 04:12:44 status half-installed libusb-0.1-4:amd64 2:0.1.12-30
2016-06-10 04:12:44 status unpacked libusb-0.1-4:amd64 2:0.1.12-30
2016-06-10 04:12:44 status unpacked libusb-0.1-4:amd64 2:0.1.12-30
2016-06-10 04:12:44 install logrotate:amd64 <none> 3.8.7-2
2016-06-10 04:12:44 status half-installed logrotate:amd64 3.8.7-2
2016-06-10 04:12:44 status unpacked logrotate:amd64 3.8.7-2
2016-06-10 04:12:44 status unpacked logrotate:amd64 3.8.7-2
2016-06-10 04:12:45 install liblz4-1:amd64 <none> 0.0~r131-2
2016-06-10 04:12:45 status half-installed liblz4-1:amd64 0.0~r131-2
2016-06-10 04:12:45 status unpacked liblz4-1:amd64 0.0~r131-2
2016-06-10 04:12:45 status unpacked liblz4-1:amd64 0.0~r131-2
2016-06-10 04:12:45 install nano:amd64 <none> 2.5.3-3
2016-06-10 04:12:45 status half-installed nano:amd64 2.5.3-3
2016-06-10 04:12:46 status unpacked nano:amd64 2.5.3-3
2016-06-10 04:12:46 status unpacked nano:amd64 2.5.3-3
2016-06-10 04:12:46 install net-tools:amd64 <none> 1.60+git20150829.73cef8a-2
2016-06-10 04:12:46 status half-installed net-tools:amd64 1.60+git20150829.73cef8a-2
2016-06-10 04:12:46 status unpacked net-tools:amd64 1.60+git20150829.73cef8a-2
2016-06-10 04:12:47 status unpacked net-tools:amd64 1.60+git20150829.73cef8a-2
2016-06-10 04:12:47 install netbase:all <none> 5.3
2016-06-10 04:12:47 status half-installed netbase:all 5.3
2016-06-10 04:12:47 status unpacked netbase:all 5.3
2016-06-10 04:12:47 status unpacked netbase:all 5.3
2016-06-10 04:12:47 install libhogweed4:amd64 <none> 3.2-1
2016-06-10 04:12:47 status half-installed libhogweed4:amd64 3.2-1
2016-06-10 04:12:47 status unpacked libhogweed4:amd64 3.2-1
2016-06-10 04:12:47 status unpacked libhogweed4:amd64 3.2-1
2016-06-10 04:12:48 install libnettle6:amd64 <none> 3.2-1
2016-06-10 04:12:48 status half-installed libnettle6:amd64 3.2-1
2016-06-10 04:12:48 status unpacked libnettle6:amd64 3.2-1
2016-06-10 04:12:48 status unpacked libnettle6:amd64 3.2-1
2016-06-10 04:12:48 install libnewt0.52:amd64 <none> 0.52.18-3
2016-06-10 04:12:48 status half-installed libnewt0.52:amd64 0.52.18-3
2016-06-10 04:12:49 status unpacked libnewt0.52:amd64 0.52.18-3
2016-06-10 04:12:49 status unpacked libnewt0.52:amd64 0.52.18-3
2016-06-10 04:12:49 install whiptail:amd64 <none> 0.52.18-3
2016-06-10 04:12:49 status half-installed whiptail:amd64 0.52.18-3
2016-06-10 04:12:49 status unpacked whiptail:amd64 0.52.18-3
2016-06-10 04:12:49 status unpacked whiptail:amd64 0.52.18-3
2016-06-10 04:12:50 install libssl1.0.2:amd64 <none> 1.0.2h-1
2016-06-10 04:12:50 status half-installed libssl1.0.2:amd64 1.0.2h-1
2016-06-10 04:12:50 status unpacked libssl1.0.2:amd64 1.0.2h-1
2016-06-10 04:12:50 status unpacked libssl1.0.2:amd64 1.0.2h-1
2016-06-10 04:12:50 install libp11-kit0:amd64 <none> 0.23.2-3
2016-06-10 04:12:50 status half-installed libp11-kit0:amd64 0.23.2-3
2016-06-10 04:12:50 status unpacked libp11-kit0:amd64 0.23.2-3
2016-06-10 04:12:50 status unpacked libp11-kit0:amd64 0.23.2-3
2016-06-10 04:12:51 install libpopt0:amd64 <none> 1.16-10
2016-06-10 04:12:51 status half-installed libpopt0:amd64 1.16-10
2016-06-10 04:12:51 status unpacked libpopt0:amd64 1.16-10
2016-06-10 04:12:51 status unpacked libpopt0:amd64 1.16-10
2016-06-10 04:12:51 install libprocps5:amd64 <none> 2:3.3.11-3
2016-06-10 04:12:51 status half-installed libprocps5:amd64 2:3.3.11-3
2016-06-10 04:12:52 status unpacked libprocps5:amd64 2:3.3.11-3
2016-06-10 04:12:52 status unpacked libprocps5:amd64 2:3.3.11-3
2016-06-10 04:12:52 install libreadline6:amd64 <none> 6.3-8+b4
2016-06-10 04:12:52 status half-installed libreadline6:amd64 6.3-8+b4
2016-06-10 04:12:52 status unpacked libreadline6:amd64 6.3-8+b4
2016-06-10 04:12:52 status unpacked libreadline6:amd64 6.3-8+b4
2016-06-10 04:12:52 install readline-common:all <none> 6.3-8
2016-06-10 04:12:52 status half-installed readline-common:all 6.3-8
2016-06-10 04:12:53 status unpacked readline-common:all 6.3-8
2016-06-10 04:12:53 status unpacked readline-common:all 6.3-8
2016-06-10 04:12:53 install libslang2:amd64 <none> 2.3.0-2.3
2016-06-10 04:12:53 status half-installed libslang2:amd64 2.3.0-2.3
2016-06-10 04:12:53 status unpacked libslang2:amd64 2.3.0-2.3
2016-06-10 04:12:53 status unpacked libslang2:amd64 2.3.0-2.3
2016-06-10 04:12:53 install libsystemd0:amd64 <none> 230-2
2016-06-10 04:12:53 status half-installed libsystemd0:amd64 230-2
2016-06-10 04:12:53 status unpacked libsystemd0:amd64 230-2
2016-06-10 04:12:53 status unpacked libsystemd0:amd64 230-2
2016-06-10 04:12:54 install udev:amd64 <none> 230-2
2016-06-10 04:12:54 status half-installed udev:amd64 230-2
2016-06-10 04:12:55 status unpacked udev:amd64 230-2
2016-06-10 04:12:55 status unpacked udev:amd64 230-2
2016-06-10 04:12:55 install vim-common:amd64 <none> 2:7.4.1829-1
2016-06-10 04:12:55 status half-installed vim-common:amd64 2:7.4.1829-1
2016-06-10 04:12:55 status unpacked vim-common:amd64 2:7.4.1829-1
2016-06-10 04:12:55 status unpacked vim-common:amd64 2:7.4.1829-1
2016-06-10 04:12:56 install vim-tiny:amd64 <none> 2:7.4.1829-1
2016-06-10 04:12:56 status half-installed vim-tiny:amd64 2:7.4.1829-1
2016-06-10 04:12:56 status unpacked vim-tiny:amd64 2:7.4.1829-1
2016-06-10 04:12:56 status unpacked vim-tiny:amd64 2:7.4.1829-1
2016-06-10 04:12:56 install wget:amd64 <none> 1.17.1-2
2016-06-10 04:12:56 status half-installed wget:amd64 1.17.1-2
2016-06-10 04:12:56 status unpacked wget:amd64 1.17.1-2
2016-06-10 04:12:57 status unpacked wget:amd64 1.17.1-2
2016-06-10 04:12:57 install libxapian22v5:amd64 <none> 1.2.23-1
2016-06-10 04:12:57 status half-installed libxapian22v5:amd64 1.2.23-1
2016-06-10 04:12:57 status unpacked libxapian22v5:amd64 1.2.23-1
2016-06-10 04:12:57 status unpacked libxapian22v5:amd64 1.2.23-1
2016-06-10 04:12:57 trigproc libc-bin:amd64 2.22-9 <none>
2016-06-10 04:12:57 status half-configured libc-bin:amd64 2.22-9
2016-06-10 04:12:57 status installed libc-bin:amd64 2.22-9
2016-06-10 04:12:57 startup packages configure
2016-06-10 04:12:57 configure readline-common:all 6.3-8 <none>
2016-06-10 04:12:57 status unpacked readline-common:all 6.3-8
2016-06-10 04:12:57 status half-configured readline-common:all 6.3-8
2016-06-10 04:12:57 status installed readline-common:all 6.3-8
2016-06-10 04:12:57 configure libgdbm3:amd64 1.8.3-13.1 <none>
2016-06-10 04:12:57 status unpacked libgdbm3:amd64 1.8.3-13.1
2016-06-10 04:12:57 status half-configured libgdbm3:amd64 1.8.3-13.1
2016-06-10 04:12:58 status installed libgdbm3:amd64 1.8.3-13.1
2016-06-10 04:12:58 configure libnettle6:amd64 3.2-1 <none>
2016-06-10 04:12:58 status triggers-pending libc-bin:amd64 2.22-9
2016-06-10 04:12:58 status unpacked libnettle6:amd64 3.2-1
2016-06-10 04:12:58 status half-configured libnettle6:amd64 3.2-1
2016-06-10 04:12:58 status installed libnettle6:amd64 3.2-1
2016-06-10 04:12:58 configure cpio:amd64 2.11+dfsg-5 <none>
2016-06-10 04:12:58 status unpacked cpio:amd64 2.11+dfsg-5
2016-06-10 04:12:58 status half-configured cpio:amd64 2.11+dfsg-5
2016-06-10 04:12:58 status installed cpio:amd64 2.11+dfsg-5
2016-06-10 04:12:58 configure libpopt0:amd64 1.16-10 <none>
2016-06-10 04:12:58 status unpacked libpopt0:amd64 1.16-10
2016-06-10 04:12:58 status half-configured libpopt0:amd64 1.16-10
2016-06-10 04:12:58 status installed libpopt0:amd64 1.16-10
2016-06-10 04:12:58 configure libestr0:amd64 0.1.10-2 <none>
2016-06-10 04:12:58 status unpacked libestr0:amd64 0.1.10-2
2016-06-10 04:12:58 status half-configured libestr0:amd64 0.1.10-2
2016-06-10 04:12:58 status installed libestr0:amd64 0.1.10-2
2016-06-10 04:12:58 configure libisc-export160:amd64 1:9.10.3.dfsg.P4-10 <none>
2016-06-10 04:12:58 status unpacked libisc-export160:amd64 1:9.10.3.dfsg.P4-10
2016-06-10 04:12:58 status half-configured libisc-export160:amd64 1:9.10.3.dfsg.P4-10
2016-06-10 04:12:58 status installed libisc-export160:amd64 1:9.10.3.dfsg.P4-10
2016-06-10 04:12:59 configure liblz4-1:amd64 0.0~r131-2 <none>
2016-06-10 04:12:59 status unpacked liblz4-1:amd64 0.0~r131-2
2016-06-10 04:12:59 status half-configured liblz4-1:amd64 0.0~r131-2
2016-06-10 04:12:59 status installed liblz4-1:amd64 0.0~r131-2
2016-06-10 04:12:59 configure isc-dhcp-common:amd64 4.3.4-1 <none>
2016-06-10 04:12:59 status unpacked isc-dhcp-common:amd64 4.3.4-1
2016-06-10 04:12:59 status half-configured isc-dhcp-common:amd64 4.3.4-1
2016-06-10 04:12:59 status installed isc-dhcp-common:amd64 4.3.4-1
2016-06-10 04:12:59 configure dmidecode:amd64 3.0-3 <none>
2016-06-10 04:12:59 status unpacked dmidecode:amd64 3.0-3
2016-06-10 04:12:59 status half-configured dmidecode:amd64 3.0-3
2016-06-10 04:12:59 status installed dmidecode:amd64 3.0-3
2016-06-10 04:12:59 configure libjson-c3:amd64 0.12-3 <none>
2016-06-10 04:12:59 status unpacked libjson-c3:amd64 0.12-3
2016-06-10 04:12:59 status half-configured libjson-c3:amd64 0.12-3
2016-06-10 04:12:59 status installed libjson-c3:amd64 0.12-3
2016-06-10 04:12:59 configure gpgv:amd64 1.4.20-6 <none>
2016-06-10 04:12:59 status unpacked gpgv:amd64 1.4.20-6
2016-06-10 04:12:59 status half-configured gpgv:amd64 1.4.20-6
2016-06-10 04:12:59 status installed gpgv:amd64 1.4.20-6
2016-06-10 04:12:59 configure libcap2:amd64 1:2.25-1 <none>
2016-06-10 04:12:59 status unpacked libcap2:amd64 1:2.25-1
2016-06-10 04:12:59 status half-configured libcap2:amd64 1:2.25-1
2016-06-10 04:12:59 status installed libcap2:amd64 1:2.25-1
2016-06-10 04:12:59 configure liblogging-stdlog0:amd64 1.0.5-2 <none>
2016-06-10 04:12:59 status unpacked liblogging-stdlog0:amd64 1.0.5-2
2016-06-10 04:12:59 status half-configured liblogging-stdlog0:amd64 1.0.5-2
2016-06-10 04:13:00 status installed liblogging-stdlog0:amd64 1.0.5-2
2016-06-10 04:13:00 configure libxtables11:amd64 1.6.0-2 <none>
2016-06-10 04:13:00 status unpacked libxtables11:amd64 1.6.0-2
2016-06-10 04:13:00 status half-configured libxtables11:amd64 1.6.0-2
2016-06-10 04:13:00 status installed libxtables11:amd64 1.6.0-2
2016-06-10 04:13:00 configure libsystemd0:amd64 230-2 <none>
2016-06-10 04:13:00 status unpacked libsystemd0:amd64 230-2
2016-06-10 04:13:00 status half-configured libsystemd0:amd64 230-2
2016-06-10 04:13:00 status installed libsystemd0:amd64 230-2
2016-06-10 04:13:00 configure libpipeline1:amd64 1.4.1-2 <none>
2016-06-10 04:13:00 status unpacked libpipeline1:amd64 1.4.1-2
2016-06-10 04:13:00 status half-configured libpipeline1:amd64 1.4.1-2
2016-06-10 04:13:00 status installed libpipeline1:amd64 1.4.1-2
2016-06-10 04:13:00 configure iproute2:amd64 4.3.0-1+b1 <none>
2016-06-10 04:13:00 status unpacked iproute2:amd64 4.3.0-1+b1
2016-06-10 04:13:00 status unpacked iproute2:amd64 4.3.0-1+b1
2016-06-10 04:13:00 status unpacked iproute2:amd64 4.3.0-1+b1
2016-06-10 04:13:00 status unpacked iproute2:amd64 4.3.0-1+b1
2016-06-10 04:13:00 status unpacked iproute2:amd64 4.3.0-1+b1
2016-06-10 04:13:00 status unpacked iproute2:amd64 4.3.0-1+b1
2016-06-10 04:13:00 status unpacked iproute2:amd64 4.3.0-1+b1
2016-06-10 04:13:00 status unpacked iproute2:amd64 4.3.0-1+b1
2016-06-10 04:13:00 status unpacked iproute2:amd64 4.3.0-1+b1
2016-06-10 04:13:01 status half-configured iproute2:amd64 4.3.0-1+b1
2016-06-10 04:13:01 status installed iproute2:amd64 4.3.0-1+b1
2016-06-10 04:13:01 configure libbsd0:amd64 0.8.3-1 <none>
2016-06-10 04:13:01 status unpacked libbsd0:amd64 0.8.3-1
2016-06-10 04:13:01 status half-configured libbsd0:amd64 0.8.3-1
2016-06-10 04:13:01 status installed libbsd0:amd64 0.8.3-1
2016-06-10 04:13:01 configure libkmod2:amd64 22-1.1 <none>
2016-06-10 04:13:01 status unpacked libkmod2:amd64 22-1.1
2016-06-10 04:13:01 status half-configured libkmod2:amd64 22-1.1
2016-06-10 04:13:01 status installed libkmod2:amd64 22-1.1
2016-06-10 04:13:01 configure libtasn1-6:amd64 4.8-1 <none>
2016-06-10 04:13:01 status unpacked libtasn1-6:amd64 4.8-1
2016-06-10 04:13:01 status half-configured libtasn1-6:amd64 4.8-1
2016-06-10 04:13:01 status installed libtasn1-6:amd64 4.8-1
2016-06-10 04:13:01 configure libssl1.0.2:amd64 1.0.2h-1 <none>
2016-06-10 04:13:01 status unpacked libssl1.0.2:amd64 1.0.2h-1
2016-06-10 04:13:01 status half-configured libssl1.0.2:amd64 1.0.2h-1
2016-06-10 04:13:01 status installed libssl1.0.2:amd64 1.0.2h-1
2016-06-10 04:13:01 configure nano:amd64 2.5.3-3 <none>
2016-06-10 04:13:01 status unpacked nano:amd64 2.5.3-3
2016-06-10 04:13:02 status unpacked nano:amd64 2.5.3-3
2016-06-10 04:13:02 status half-configured nano:amd64 2.5.3-3
2016-06-10 04:13:02 status installed nano:amd64 2.5.3-3
2016-06-10 04:13:02 configure libprocps5:amd64 2:3.3.11-3 <none>
2016-06-10 04:13:02 status unpacked libprocps5:amd64 2:3.3.11-3
2016-06-10 04:13:02 status half-configured libprocps5:amd64 2:3.3.11-3
2016-06-10 04:13:02 status installed libprocps5:amd64 2:3.3.11-3
2016-06-10 04:13:02 configure libgmp10:amd64 2:6.1.0+dfsg-2 <none>
2016-06-10 04:13:02 status unpacked libgmp10:amd64 2:6.1.0+dfsg-2
2016-06-10 04:13:02 status half-configured libgmp10:amd64 2:6.1.0+dfsg-2
2016-06-10 04:13:02 status installed libgmp10:amd64 2:6.1.0+dfsg-2
2016-06-10 04:13:02 configure liblognorm2:amd64 1.1.2-1.1+b2 <none>
2016-06-10 04:13:02 status unpacked liblognorm2:amd64 1.1.2-1.1+b2
2016-06-10 04:13:02 status half-configured liblognorm2:amd64 1.1.2-1.1+b2
2016-06-10 04:13:02 status installed liblognorm2:amd64 1.1.2-1.1+b2
2016-06-10 04:13:02 configure sysvinit:amd64 2.88dsf-59.3+devuan2 <none>
2016-06-10 04:13:02 status unpacked sysvinit:amd64 2.88dsf-59.3+devuan2
2016-06-10 04:13:02 status half-configured sysvinit:amd64 2.88dsf-59.3+devuan2
2016-06-10 04:13:02 status installed sysvinit:amd64 2.88dsf-59.3+devuan2
2016-06-10 04:13:02 configure debian-archive-keyring:all 2014.3 <none>
2016-06-10 04:13:02 status unpacked debian-archive-keyring:all 2014.3
2016-06-10 04:13:02 status unpacked debian-archive-keyring:all 2014.3
2016-06-10 04:13:02 status unpacked debian-archive-keyring:all 2014.3
2016-06-10 04:13:02 status unpacked debian-archive-keyring:all 2014.3
2016-06-10 04:13:03 status unpacked debian-archive-keyring:all 2014.3
2016-06-10 04:13:03 status unpacked debian-archive-keyring:all 2014.3
2016-06-10 04:13:03 status unpacked debian-archive-keyring:all 2014.3
2016-06-10 04:13:03 status unpacked debian-archive-keyring:all 2014.3
2016-06-10 04:13:03 status half-configured debian-archive-keyring:all 2014.3
2016-06-10 04:13:03 status installed debian-archive-keyring:all 2014.3
2016-06-10 04:13:03 configure libtext-iconv-perl:amd64 1.7-5+b3 <none>
2016-06-10 04:13:03 status unpacked libtext-iconv-perl:amd64 1.7-5+b3
2016-06-10 04:13:03 status half-configured libtext-iconv-perl:amd64 1.7-5+b3
2016-06-10 04:13:03 status installed libtext-iconv-perl:amd64 1.7-5+b3
2016-06-10 04:13:03 configure vim-common:amd64 2:7.4.1829-1 <none>
2016-06-10 04:13:03 status unpacked vim-common:amd64 2:7.4.1829-1
2016-06-10 04:13:03 status unpacked vim-common:amd64 2:7.4.1829-1
2016-06-10 04:13:03 status half-configured vim-common:amd64 2:7.4.1829-1
2016-06-10 04:13:03 status installed vim-common:amd64 2:7.4.1829-1
2016-06-10 04:13:03 configure liblocale-gettext-perl:amd64 1.07-2 <none>
2016-06-10 04:13:03 status unpacked liblocale-gettext-perl:amd64 1.07-2
2016-06-10 04:13:03 status half-configured liblocale-gettext-perl:amd64 1.07-2
2016-06-10 04:13:03 status installed liblocale-gettext-perl:amd64 1.07-2
2016-06-10 04:13:03 configure libnfnetlink0:amd64 1.0.1-3 <none>
2016-06-10 04:13:03 status unpacked libnfnetlink0:amd64 1.0.1-3
2016-06-10 04:13:03 status half-configured libnfnetlink0:amd64 1.0.1-3
2016-06-10 04:13:04 status installed libnfnetlink0:amd64 1.0.1-3
2016-06-10 04:13:04 configure libstdc++6:amd64 6.1.1-4 <none>
2016-06-10 04:13:04 status unpacked libstdc++6:amd64 6.1.1-4
2016-06-10 04:13:04 status half-configured libstdc++6:amd64 6.1.1-4
2016-06-10 04:13:04 status installed libstdc++6:amd64 6.1.1-4
2016-06-10 04:13:04 configure libffi6:amd64 3.2.1-4 <none>
2016-06-10 04:13:04 status unpacked libffi6:amd64 3.2.1-4
2016-06-10 04:13:04 status half-configured libffi6:amd64 3.2.1-4
2016-06-10 04:13:04 status installed libffi6:amd64 3.2.1-4
2016-06-10 04:13:04 configure libtext-charwidth-perl:amd64 0.04-7+b4 <none>
2016-06-10 04:13:04 status unpacked libtext-charwidth-perl:amd64 0.04-7+b4
2016-06-10 04:13:04 status half-configured libtext-charwidth-perl:amd64 0.04-7+b4
2016-06-10 04:13:04 status installed libtext-charwidth-perl:amd64 0.04-7+b4
2016-06-10 04:13:04 configure bsdmainutils:amd64 9.0.10 <none>
2016-06-10 04:13:04 status unpacked bsdmainutils:amd64 9.0.10
2016-06-10 04:13:04 status unpacked bsdmainutils:amd64 9.0.10
2016-06-10 04:13:04 status unpacked bsdmainutils:amd64 9.0.10
2016-06-10 04:13:04 status unpacked bsdmainutils:amd64 9.0.10
2016-06-10 04:13:04 status half-configured bsdmainutils:amd64 9.0.10
2016-06-10 04:13:04 status installed bsdmainutils:amd64 9.0.10
2016-06-10 04:13:04 configure net-tools:amd64 1.60+git20150829.73cef8a-2 <none>
2016-06-10 04:13:04 status unpacked net-tools:amd64 1.60+git20150829.73cef8a-2
2016-06-10 04:13:04 status half-configured net-tools:amd64 1.60+git20150829.73cef8a-2
2016-06-10 04:13:05 status installed net-tools:amd64 1.60+git20150829.73cef8a-2
2016-06-10 04:13:05 configure adduser:all 3.114 <none>
2016-06-10 04:13:05 status unpacked adduser:all 3.114
2016-06-10 04:13:05 status unpacked adduser:all 3.114
2016-06-10 04:13:06 status half-configured adduser:all 3.114
2016-06-10 04:13:06 status installed adduser:all 3.114
2016-06-10 04:13:06 configure libprocps4:amd64 2:3.3.10-4+devuan1.0 <none>
2016-06-10 04:13:06 status unpacked libprocps4:amd64 2:3.3.10-4+devuan1.0
2016-06-10 04:13:06 status half-configured libprocps4:amd64 2:3.3.10-4+devuan1.0
2016-06-10 04:13:07 status installed libprocps4:amd64 2:3.3.10-4+devuan1.0
2016-06-10 04:13:07 configure libslang2:amd64 2.3.0-2.3 <none>
2016-06-10 04:13:07 status unpacked libslang2:amd64 2.3.0-2.3
2016-06-10 04:13:07 status half-configured libslang2:amd64 2.3.0-2.3
2016-06-10 04:13:07 status installed libslang2:amd64 2.3.0-2.3
2016-06-10 04:13:07 configure cron:amd64 3.0pl1-128 <none>
2016-06-10 04:13:07 status unpacked cron:amd64 3.0pl1-128
2016-06-10 04:13:07 status unpacked cron:amd64 3.0pl1-128
2016-06-10 04:13:07 status unpacked cron:amd64 3.0pl1-128
2016-06-10 04:13:07 status unpacked cron:amd64 3.0pl1-128
2016-06-10 04:13:07 status unpacked cron:amd64 3.0pl1-128
2016-06-10 04:13:07 status unpacked cron:amd64 3.0pl1-128
2016-06-10 04:13:07 status unpacked cron:amd64 3.0pl1-128
2016-06-10 04:13:07 status unpacked cron:amd64 3.0pl1-128
2016-06-10 04:13:07 status unpacked cron:amd64 3.0pl1-128
2016-06-10 04:13:07 status unpacked cron:amd64 3.0pl1-128
2016-06-10 04:13:07 status half-configured cron:amd64 3.0pl1-128
2016-06-10 04:13:08 status installed cron:amd64 3.0pl1-128
2016-06-10 04:13:08 configure libusb-0.1-4:amd64 2:0.1.12-30 <none>
2016-06-10 04:13:08 status unpacked libusb-0.1-4:amd64 2:0.1.12-30
2016-06-10 04:13:08 status half-configured libusb-0.1-4:amd64 2:0.1.12-30
2016-06-10 04:13:08 status installed libusb-0.1-4:amd64 2:0.1.12-30
2016-06-10 04:13:08 configure logrotate:amd64 3.8.7-2 <none>
2016-06-10 04:13:08 status unpacked logrotate:amd64 3.8.7-2
2016-06-10 04:13:08 status unpacked logrotate:amd64 3.8.7-2
2016-06-10 04:13:08 status unpacked logrotate:amd64 3.8.7-2
2016-06-10 04:13:08 status half-configured logrotate:amd64 3.8.7-2
2016-06-10 04:13:08 status installed logrotate:amd64 3.8.7-2
2016-06-10 04:13:08 configure libidn11:amd64 1.32-3 <none>
2016-06-10 04:13:08 status unpacked libidn11:amd64 1.32-3
2016-06-10 04:13:08 status half-configured libidn11:amd64 1.32-3
2016-06-10 04:13:08 status installed libidn11:amd64 1.32-3
2016-06-10 04:13:08 configure libreadline6:amd64 6.3-8+b4 <none>
2016-06-10 04:13:08 status unpacked libreadline6:amd64 6.3-8+b4
2016-06-10 04:13:08 status half-configured libreadline6:amd64 6.3-8+b4
2016-06-10 04:13:08 status installed libreadline6:amd64 6.3-8+b4
2016-06-10 04:13:08 configure libjson-c2:amd64 0.11-4 <none>
2016-06-10 04:13:08 status unpacked libjson-c2:amd64 0.11-4
2016-06-10 04:13:08 status half-configured libjson-c2:amd64 0.11-4
2016-06-10 04:13:08 status installed libjson-c2:amd64 0.11-4
2016-06-10 04:13:09 configure netbase:all 5.3 <none>
2016-06-10 04:13:09 status unpacked netbase:all 5.3
2016-06-10 04:13:09 status unpacked netbase:all 5.3
2016-06-10 04:13:09 status unpacked netbase:all 5.3
2016-06-10 04:13:09 status unpacked netbase:all 5.3
2016-06-10 04:13:09 status half-configured netbase:all 5.3
2016-06-10 04:13:09 status installed netbase:all 5.3
2016-06-10 04:13:09 configure iputils-ping:amd64 3:20150815-2 <none>
2016-06-10 04:13:09 status unpacked iputils-ping:amd64 3:20150815-2
2016-06-10 04:13:09 status half-configured iputils-ping:amd64 3:20150815-2
2016-06-10 04:13:09 status installed iputils-ping:amd64 3:20150815-2
2016-06-10 04:13:09 configure vim-tiny:amd64 2:7.4.1829-1 <none>
2016-06-10 04:13:09 status unpacked vim-tiny:amd64 2:7.4.1829-1
2016-06-10 04:13:09 status unpacked vim-tiny:amd64 2:7.4.1829-1
2016-06-10 04:13:09 status half-configured vim-tiny:amd64 2:7.4.1829-1
2016-06-10 04:13:09 status installed vim-tiny:amd64 2:7.4.1829-1
2016-06-10 04:13:09 configure libapt-pkg5.0:amd64 1.2.12 <none>
2016-06-10 04:13:09 status unpacked libapt-pkg5.0:amd64 1.2.12
2016-06-10 04:13:09 status half-configured libapt-pkg5.0:amd64 1.2.12
2016-06-10 04:13:09 status installed libapt-pkg5.0:amd64 1.2.12
2016-06-10 04:13:10 configure libapt-inst2.0:amd64 1.2.12 <none>
2016-06-10 04:13:10 status unpacked libapt-inst2.0:amd64 1.2.12
2016-06-10 04:13:10 status half-configured libapt-inst2.0:amd64 1.2.12
2016-06-10 04:13:10 status installed libapt-inst2.0:amd64 1.2.12
2016-06-10 04:13:10 configure libicu55:amd64 55.1-7 <none>
2016-06-10 04:13:10 status unpacked libicu55:amd64 55.1-7
2016-06-10 04:13:10 status half-configured libicu55:amd64 55.1-7
2016-06-10 04:13:10 status installed libicu55:amd64 55.1-7
2016-06-10 04:13:10 configure kmod:amd64 22-1.1 <none>
2016-06-10 04:13:10 status unpacked kmod:amd64 22-1.1
2016-06-10 04:13:10 status unpacked kmod:amd64 22-1.1
2016-06-10 04:13:10 status half-configured kmod:amd64 22-1.1
2016-06-10 04:13:10 status installed kmod:amd64 22-1.1
2016-06-10 04:13:10 configure ifupdown:amd64 0.8.12 <none>
2016-06-10 04:13:10 status unpacked ifupdown:amd64 0.8.12
2016-06-10 04:13:10 status unpacked ifupdown:amd64 0.8.12
2016-06-10 04:13:10 status unpacked ifupdown:amd64 0.8.12
2016-06-10 04:13:10 status unpacked ifupdown:amd64 0.8.12
2016-06-10 04:13:10 status unpacked ifupdown:amd64 0.8.12
2016-06-10 04:13:10 status unpacked ifupdown:amd64 0.8.12
2016-06-10 04:13:10 status unpacked ifupdown:amd64 0.8.12
2016-06-10 04:13:10 status unpacked ifupdown:amd64 0.8.12
2016-06-10 04:13:11 status unpacked ifupdown:amd64 0.8.12
2016-06-10 04:13:11 status half-configured ifupdown:amd64 0.8.12
2016-06-10 04:13:11 status installed ifupdown:amd64 0.8.12
2016-06-10 04:13:11 configure gnupg:amd64 1.4.20-6 <none>
2016-06-10 04:13:11 status unpacked gnupg:amd64 1.4.20-6
2016-06-10 04:13:11 status half-configured gnupg:amd64 1.4.20-6
2016-06-10 04:13:11 status installed gnupg:amd64 1.4.20-6
2016-06-10 04:13:11 configure libdns-export162:amd64 1:9.10.3.dfsg.P4-10 <none>
2016-06-10 04:13:11 status unpacked libdns-export162:amd64 1:9.10.3.dfsg.P4-10
2016-06-10 04:13:11 status half-configured libdns-export162:amd64 1:9.10.3.dfsg.P4-10
2016-06-10 04:13:11 status installed libdns-export162:amd64 1:9.10.3.dfsg.P4-10
2016-06-10 04:13:11 configure libpsl0:amd64 0.11.0-2 <none>
2016-06-10 04:13:11 status unpacked libpsl0:amd64 0.11.0-2
2016-06-10 04:13:11 status half-configured libpsl0:amd64 0.11.0-2
2016-06-10 04:13:11 status installed libpsl0:amd64 0.11.0-2
2016-06-10 04:13:11 configure libboost-iostreams1.60.0:amd64 1.60.0+dfsg-6 <none>
2016-06-10 04:13:11 status unpacked libboost-iostreams1.60.0:amd64 1.60.0+dfsg-6
2016-06-10 04:13:11 status half-configured libboost-iostreams1.60.0:amd64 1.60.0+dfsg-6
2016-06-10 04:13:11 status installed libboost-iostreams1.60.0:amd64 1.60.0+dfsg-6
2016-06-10 04:13:12 configure isc-dhcp-client:amd64 4.3.4-1 <none>
2016-06-10 04:13:12 status unpacked isc-dhcp-client:amd64 4.3.4-1
2016-06-10 04:13:12 status unpacked isc-dhcp-client:amd64 4.3.4-1
2016-06-10 04:13:12 status unpacked isc-dhcp-client:amd64 4.3.4-1
2016-06-10 04:13:12 status unpacked isc-dhcp-client:amd64 4.3.4-1
2016-06-10 04:13:12 status half-configured isc-dhcp-client:amd64 4.3.4-1
2016-06-10 04:13:12 status installed isc-dhcp-client:amd64 4.3.4-1
2016-06-10 04:13:12 configure libhogweed4:amd64 3.2-1 <none>
2016-06-10 04:13:12 status unpacked libhogweed4:amd64 3.2-1
2016-06-10 04:13:12 status half-configured libhogweed4:amd64 3.2-1
2016-06-10 04:13:12 status installed libhogweed4:amd64 3.2-1
2016-06-10 04:13:12 configure procps:amd64 2:3.3.10-4+devuan1.0 <none>
2016-06-10 04:13:12 status unpacked procps:amd64 2:3.3.10-4+devuan1.0
2016-06-10 04:13:12 status unpacked procps:amd64 2:3.3.10-4+devuan1.0
2016-06-10 04:13:12 status unpacked procps:amd64 2:3.3.10-4+devuan1.0
2016-06-10 04:13:12 status unpacked procps:amd64 2:3.3.10-4+devuan1.0
2016-06-10 04:13:12 status half-configured procps:amd64 2:3.3.10-4+devuan1.0
2016-06-10 04:13:12 status installed procps:amd64 2:3.3.10-4+devuan1.0
2016-06-10 04:13:12 configure udev:amd64 230-2 <none>
2016-06-10 04:13:12 status unpacked udev:amd64 230-2
2016-06-10 04:13:12 status unpacked udev:amd64 230-2
2016-06-10 04:13:12 status unpacked udev:amd64 230-2
2016-06-10 04:13:12 status unpacked udev:amd64 230-2
2016-06-10 04:13:13 status unpacked udev:amd64 230-2
2016-06-10 04:13:13 status unpacked udev:amd64 230-2
2016-06-10 04:13:13 status half-configured udev:amd64 230-2
2016-06-10 04:13:13 status installed udev:amd64 230-2
2016-06-10 04:13:13 configure iptables:amd64 1.6.0-2 <none>
2016-06-10 04:13:13 status unpacked iptables:amd64 1.6.0-2
2016-06-10 04:13:13 status half-configured iptables:amd64 1.6.0-2
2016-06-10 04:13:13 status installed iptables:amd64 1.6.0-2
2016-06-10 04:13:13 configure libxapian22v5:amd64 1.2.23-1 <none>
2016-06-10 04:13:13 status unpacked libxapian22v5:amd64 1.2.23-1
2016-06-10 04:13:13 status half-configured libxapian22v5:amd64 1.2.23-1
2016-06-10 04:13:13 status installed libxapian22v5:amd64 1.2.23-1
2016-06-10 04:13:13 configure libtext-wrapi18n-perl:all 0.06-7.1 <none>
2016-06-10 04:13:13 status unpacked libtext-wrapi18n-perl:all 0.06-7.1
2016-06-10 04:13:13 status half-configured libtext-wrapi18n-perl:all 0.06-7.1
2016-06-10 04:13:14 status installed libtext-wrapi18n-perl:all 0.06-7.1
2016-06-10 04:13:14 configure libp11-kit0:amd64 0.23.2-3 <none>
2016-06-10 04:13:14 status unpacked libp11-kit0:amd64 0.23.2-3
2016-06-10 04:13:14 status half-configured libp11-kit0:amd64 0.23.2-3
2016-06-10 04:13:14 status installed libp11-kit0:amd64 0.23.2-3
2016-06-10 04:13:14 configure libboost-iostreams1.58.0:amd64 1.58.0+dfsg-5+b1 <none>
2016-06-10 04:13:14 status unpacked libboost-iostreams1.58.0:amd64 1.58.0+dfsg-5+b1
2016-06-10 04:13:14 status half-configured libboost-iostreams1.58.0:amd64 1.58.0+dfsg-5+b1
2016-06-10 04:13:14 status installed libboost-iostreams1.58.0:amd64 1.58.0+dfsg-5+b1
2016-06-10 04:13:14 configure apt:amd64 1.2.12 <none>
2016-06-10 04:13:14 status unpacked apt:amd64 1.2.12
2016-06-10 04:13:14 status unpacked apt:amd64 1.2.12
2016-06-10 04:13:14 status unpacked apt:amd64 1.2.12
2016-06-10 04:13:14 status unpacked apt:amd64 1.2.12
2016-06-10 04:13:14 status unpacked apt:amd64 1.2.12
2016-06-10 04:13:14 status half-configured apt:amd64 1.2.12
2016-06-10 04:13:15 status installed apt:amd64 1.2.12
2016-06-10 04:13:15 configure libnewt0.52:amd64 0.52.18-3 <none>
2016-06-10 04:13:15 status unpacked libnewt0.52:amd64 0.52.18-3
2016-06-10 04:13:15 status unpacked libnewt0.52:amd64 0.52.18-3
2016-06-10 04:13:15 status half-configured libnewt0.52:amd64 0.52.18-3
2016-06-10 04:13:15 status installed libnewt0.52:amd64 0.52.18-3
2016-06-10 04:13:15 configure rsyslog:amd64 8.14.0-2+devuan1.0 <none>
2016-06-10 04:13:15 status unpacked rsyslog:amd64 8.14.0-2+devuan1.0
2016-06-10 04:13:15 status unpacked rsyslog:amd64 8.14.0-2+devuan1.0
2016-06-10 04:13:15 status unpacked rsyslog:amd64 8.14.0-2+devuan1.0
2016-06-10 04:13:15 status unpacked rsyslog:amd64 8.14.0-2+devuan1.0
2016-06-10 04:13:15 status unpacked rsyslog:amd64 8.14.0-2+devuan1.0
2016-06-10 04:13:15 status unpacked rsyslog:amd64 8.14.0-2+devuan1.0
2016-06-10 04:13:15 status half-configured rsyslog:amd64 8.14.0-2+devuan1.0
2016-06-10 04:13:15 status installed rsyslog:amd64 8.14.0-2+devuan1.0
2016-06-10 04:13:15 configure apt-utils:amd64 1.2.12 <none>
2016-06-10 04:13:15 status unpacked apt-utils:amd64 1.2.12
2016-06-10 04:13:15 status half-configured apt-utils:amd64 1.2.12
2016-06-10 04:13:15 status installed apt-utils:amd64 1.2.12
2016-06-10 04:13:16 configure debconf-i18n:all 1.5.59 <none>
2016-06-10 04:13:16 status unpacked debconf-i18n:all 1.5.59
2016-06-10 04:13:16 status half-configured debconf-i18n:all 1.5.59
2016-06-10 04:13:16 status installed debconf-i18n:all 1.5.59
2016-06-10 04:13:16 configure whiptail:amd64 0.52.18-3 <none>
2016-06-10 04:13:16 status unpacked whiptail:amd64 0.52.18-3
2016-06-10 04:13:16 status half-configured whiptail:amd64 0.52.18-3
2016-06-10 04:13:16 status installed whiptail:amd64 0.52.18-3
2016-06-10 04:13:16 configure libgnutls30:amd64 3.4.13-1 <none>
2016-06-10 04:13:16 status unpacked libgnutls30:amd64 3.4.13-1
2016-06-10 04:13:16 status half-configured libgnutls30:amd64 3.4.13-1
2016-06-10 04:13:16 status installed libgnutls30:amd64 3.4.13-1
2016-06-10 04:13:16 configure wget:amd64 1.17.1-2 <none>
2016-06-10 04:13:16 status unpacked wget:amd64 1.17.1-2
2016-06-10 04:13:16 status unpacked wget:amd64 1.17.1-2
2016-06-10 04:13:16 status half-configured wget:amd64 1.17.1-2
2016-06-10 04:13:16 status installed wget:amd64 1.17.1-2
2016-06-10 04:13:16 configure tasksel:all 3.33+devuan0.3 <none>
2016-06-10 04:13:16 status unpacked tasksel:all 3.33+devuan0.3
2016-06-10 04:13:16 status half-configured tasksel:all 3.33+devuan0.3
2016-06-10 04:13:16 status installed tasksel:all 3.33+devuan0.3
2016-06-10 04:13:16 configure blends-tasks:all 0.6.93 <none>
2016-06-10 04:13:16 status unpacked blends-tasks:all 0.6.93
2016-06-10 04:13:16 status half-configured blends-tasks:all 0.6.93
2016-06-10 04:13:17 status installed blends-tasks:all 0.6.93
2016-06-10 04:13:17 configure tasksel-data:all 3.33+devuan0.3 <none>
2016-06-10 04:13:17 status unpacked tasksel-data:all 3.33+devuan0.3
2016-06-10 04:13:17 status half-configured tasksel-data:all 3.33+devuan0.3
2016-06-10 04:13:17 status installed tasksel-data:all 3.33+devuan0.3
2016-06-10 04:13:17 trigproc libc-bin:amd64 2.22-9 <none>
2016-06-10 04:13:17 status half-configured libc-bin:amd64 2.22-9
2016-06-10 04:13:17 status installed libc-bin:amd64 2.22-9
